2016-05-04 16:01:14.293  INFO  (StdSchedulerFactory.java:1172) - Using default implementation for ThreadExecutor
 2016-05-04 16:01:14.300  INFO  (SimpleThreadPool.java:268) - Job execution threads will use class loader of thread: main
 2016-05-04 16:01:14.313  INFO  (SchedulerSignalerImpl.java:61) - Initialized Scheduler Signaller of type: class org.quartz.core.SchedulerSignalerImpl
 2016-05-04 16:01:14.315  INFO  (QuartzScheduler.java:240) - Quartz Scheduler v.2.2.2 created.
 2016-05-04 16:01:14.316  INFO  (XMLSchedulingDataProcessorPlugin.java:200) - Registering Quartz Job Initialization Plug-in.
 2016-05-04 16:01:14.317  INFO  (QuartzScheduler.java:694) - Scheduler DefaultQuartzScheduler_$_NON_CLUSTERED shutting down.
 2016-05-04 16:01:14.318  INFO  (QuartzScheduler.java:613) - Scheduler DefaultQuartzScheduler_$_NON_CLUSTERED paused.
 2016-05-04 16:01:14.318  DEBUG (SimpleThreadPool.java:328) - Shutting down threadpool...
 2016-05-04 16:01:14.318  DEBUG (SimpleThreadPool.java:395) - Shutdown of threadpool complete.
 2016-05-04 16:01:14.319  INFO  (QuartzScheduler.java:771) - Scheduler DefaultQuartzScheduler_$_NON_CLUSTERED shutdown complete.
 2016-05-04 16:01:14.802  DEBUG (SimpleThreadPool.java:612) - WorkerThread is shut down.
 2016-05-04 16:01:14.802  DEBUG (SimpleThreadPool.java:612) - WorkerThread is shut down.
 2016-05-04 16:01:14.802  DEBUG (SimpleThreadPool.java:612) - WorkerThread is shut down.
 2016-05-04 16:01:14.802  DEBUG (SimpleThreadPool.java:612) - WorkerThread is shut down.
 2016-05-04 16:01:14.802  DEBUG (SimpleThreadPool.java:612) - WorkerThread is shut down.
 2016-05-04 16:03:10.915  INFO  (StdSchedulerFactory.java:1172) - Using default implementation for ThreadExecutor
 2016-05-04 16:03:10.920  INFO  (SimpleThreadPool.java:268) - Job execution threads will use class loader of thread: main
 2016-05-04 16:03:10.934  INFO  (SchedulerSignalerImpl.java:61) - Initialized Scheduler Signaller of type: class org.quartz.core.SchedulerSignalerImpl
 2016-05-04 16:03:10.936  INFO  (QuartzScheduler.java:240) - Quartz Scheduler v.2.2.2 created.
 2016-05-04 16:03:10.937  INFO  (XMLSchedulingDataProcessorPlugin.java:200) - Registering Quartz Job Initialization Plug-in.
 2016-05-04 16:03:10.939  INFO  (QuartzScheduler.java:694) - Scheduler DefaultQuartzScheduler_$_NON_CLUSTERED shutting down.
 2016-05-04 16:03:10.939  INFO  (QuartzScheduler.java:613) - Scheduler DefaultQuartzScheduler_$_NON_CLUSTERED paused.
 2016-05-04 16:03:10.939  DEBUG (SimpleThreadPool.java:328) - Shutting down threadpool...
 2016-05-04 16:03:10.940  DEBUG (SimpleThreadPool.java:395) - Shutdown of threadpool complete.
 2016-05-04 16:03:10.940  INFO  (QuartzScheduler.java:771) - Scheduler DefaultQuartzScheduler_$_NON_CLUSTERED shutdown complete.
 2016-05-04 16:03:11.422  DEBUG (SimpleThreadPool.java:612) - WorkerThread is shut down.
 2016-05-04 16:03:11.422  DEBUG (SimpleThreadPool.java:612) - WorkerThread is shut down.
 2016-05-04 16:03:11.422  DEBUG (SimpleThreadPool.java:612) - WorkerThread is shut down.
 2016-05-04 16:03:11.422  DEBUG (SimpleThreadPool.java:612) - WorkerThread is shut down.
 2016-05-04 16:03:11.422  DEBUG (SimpleThreadPool.java:612) - WorkerThread is shut down.
 2016-05-04 16:05:58.993  INFO  (StdSchedulerFactory.java:1172) - Using default implementation for ThreadExecutor
 2016-05-04 16:05:58.998  INFO  (SimpleThreadPool.java:268) - Job execution threads will use class loader of thread: main
 2016-05-04 16:05:59.010  INFO  (SchedulerSignalerImpl.java:61) - Initialized Scheduler Signaller of type: class org.quartz.core.SchedulerSignalerImpl
 2016-05-04 16:05:59.012  INFO  (QuartzScheduler.java:240) - Quartz Scheduler v.2.2.2 created.
 2016-05-04 16:05:59.013  INFO  (XMLSchedulingDataProcessorPlugin.java:200) - Registering Quartz Job Initialization Plug-in.
 2016-05-04 16:05:59.014  INFO  (RAMJobStore.java:155) - RAMJobStore initialized.
 2016-05-04 16:05:59.015  INFO  (QuartzScheduler.java:305) - Scheduler meta-data: Quartz Scheduler (v2.2.2) 'DefaultQuartzScheduler' with instanceId 'NON_CLUSTERED'
  Scheduler class: 'org.quartz.core.QuartzScheduler' - running locally.
  NOT STARTED.
  Currently in standby mode.
  Number of jobs executed: 0
  Using thread pool 'org.quartz.simpl.SimpleThreadPool' - with 5 threads.
  Using job-store 'org.quartz.simpl.RAMJobStore' - which does not support persistence. and is not clustered.

 2016-05-04 16:05:59.015  INFO  (StdSchedulerFactory.java:1327) - Quartz scheduler 'DefaultQuartzScheduler' initialized from default resource file in Quartz package: 'quartz.properties'
 2016-05-04 16:05:59.016  INFO  (StdSchedulerFactory.java:1331) - Quartz scheduler version: 2.2.2
 2016-05-04 16:05:59.016  INFO  (PlugInExample.java:34) - ------- Initialization Complete -----------
 2016-05-04 16:05:59.016  INFO  (PlugInExample.java:35) - ------- (Not Scheduling any Jobs - relying on XML definitions --
 2016-05-04 16:05:59.016  INFO  (PlugInExample.java:36) - ------- Starting Scheduler ----------------
 2016-05-04 16:05:59.029  DEBUG (XMLSchedulingDataProcessor.java:227) - Utilizing schema packaged in local quartz distribution jar.
 2016-05-04 16:05:59.083  INFO  (XMLSchedulingDataProcessor.java:452) - Parsing XML file: quartz_data.xml with systemId: quartz_data.xml
 2016-05-04 16:05:59.363  DEBUG (XMLSchedulingDataProcessor.java:504) - Found 0 delete job group commands.
 2016-05-04 16:05:59.364  DEBUG (XMLSchedulingDataProcessor.java:518) - Found 0 delete trigger group commands.
 2016-05-04 16:05:59.367  DEBUG (XMLSchedulingDataProcessor.java:532) - Found 0 delete job commands.
 2016-05-04 16:05:59.368  DEBUG (XMLSchedulingDataProcessor.java:549) - Found 0 delete trigger commands.
 2016-05-04 16:05:59.370  DEBUG (XMLSchedulingDataProcessor.java:569) - Directive 'overwrite-existing-data' not specified, defaulting to true
 2016-05-04 16:05:59.371  DEBUG (XMLSchedulingDataProcessor.java:579) - Directive 'ignore-duplicates' not specified, defaulting to false
 2016-05-04 16:05:59.372  DEBUG (XMLSchedulingDataProcessor.java:593) - Found 0 job definitions.
 2016-05-04 16:05:59.374  DEBUG (XMLSchedulingDataProcessor.java:641) - Found 0 trigger definitions.
 2016-05-04 16:05:59.376  ERROR (XMLSchedulingDataProcessorPlugin.java:324) - Error scheduling jobs: Encountered 1 validation exceptions.
 org.quartz.xml.ValidationException: Encountered 1 validation exceptions.
	at org.quartz.xml.XMLSchedulingDataProcessor.maybeThrowValidationException(XMLSchedulingDataProcessor.java:1223)
	at org.quartz.xml.XMLSchedulingDataProcessor.processFile(XMLSchedulingDataProcessor.java:459)
	at org.quartz.xml.XMLSchedulingDataProcessor.processFileAndScheduleJobs(XMLSchedulingDataProcessor.java:841)
	at org.quartz.plugins.xml.XMLSchedulingDataProcessorPlugin.processFile(XMLSchedulingDataProcessorPlugin.java:319)
	at org.quartz.plugins.xml.XMLSchedulingDataProcessorPlugin.start(XMLSchedulingDataProcessorPlugin.java:246)
	at org.quartz.plugins.SchedulerPluginWithUserTransactionSupport.start(SchedulerPluginWithUserTransactionSupport.java:144)
	at org.quartz.core.QuartzScheduler.startPlugins(QuartzScheduler.java:2407)
	at org.quartz.core.QuartzScheduler.start(QuartzScheduler.java:568)
	at org.quartz.impl.StdScheduler.start(StdScheduler.java:142)
	at quartaDemos.demo10.PlugInExample.run(PlugInExample.java:39)
	at quartaDemos.demo10.PlugInExample.main(PlugInExample.java:60)
Caused by: org.xml.sax.SAXParseException: cvc-elt.1: Cannot find the declaration of element 'quartz'.
	at com.sun.org.apache.xerces.internal.util.ErrorHandlerWrapper.createSAXParseException(ErrorHandlerWrapper.java:195)
	at com.sun.org.apache.xerces.internal.util.ErrorHandlerWrapper.error(ErrorHandlerWrapper.java:131)
	at com.sun.org.apache.xerces.internal.impl.XMLErrorReporter.reportError(XMLErrorReporter.java:384)
	at com.sun.org.apache.xerces.internal.impl.XMLErrorReporter.reportError(XMLErrorReporter.java:318)
	at com.sun.org.apache.xerces.internal.impl.xs.XMLSchemaValidator.handleStartElement(XMLSchemaValidator.java:1887)
	at com.sun.org.apache.xerces.internal.impl.xs.XMLSchemaValidator.startElement(XMLSchemaValidator.java:685)
	at com.sun.org.apache.xerces.internal.impl.XMLNSDocumentScannerImpl.scanStartElement(XMLNSDocumentScannerImpl.java:400)
	at com.sun.org.apache.xerces.internal.impl.XMLNSDocumentScannerImpl$NSContentDriver.scanRootElementHook(XMLNSDocumentScannerImpl.java:626)
	at com.sun.org.apache.xerces.internal.impl.XMLDocumentFragmentScannerImpl$FragmentContentDriver.next(XMLDocumentFragmentScannerImpl.java:3095)
	at com.sun.org.apache.xerces.internal.impl.XMLDocumentScannerImpl$PrologDriver.next(XMLDocumentScannerImpl.java:921)
	at com.sun.org.apache.xerces.internal.impl.XMLDocumentScannerImpl.next(XMLDocumentScannerImpl.java:648)
	at com.sun.org.apache.xerces.internal.impl.XMLNSDocumentScannerImpl.next(XMLNSDocumentScannerImpl.java:140)
	at com.sun.org.apache.xerces.internal.impl.XMLDocumentFragmentScannerImpl.scanDocument(XMLDocumentFragmentScannerImpl.java:510)
	at com.sun.org.apache.xerces.internal.parsers.XML11Configuration.parse(XML11Configuration.java:807)
	at com.sun.org.apache.xerces.internal.parsers.XML11Configuration.parse(XML11Configuration.java:737)
	at com.sun.org.apache.xerces.internal.parsers.XMLParser.parse(XMLParser.java:107)
	at com.sun.org.apache.xerces.internal.parsers.DOMParser.parse(DOMParser.java:225)
	at com.sun.org.apache.xerces.internal.jaxp.DocumentBuilderImpl.parse(DocumentBuilderImpl.java:283)
	at org.quartz.xml.XMLSchedulingDataProcessor.process(XMLSchedulingDataProcessor.java:494)
	at org.quartz.xml.XMLSchedulingDataProcessor.processFile(XMLSchedulingDataProcessor.java:457)
	... 9 more
2016-05-04 16:05:59.378  INFO  (QuartzScheduler.java:575) - Scheduler DefaultQuartzScheduler_$_NON_CLUSTERED started.
 2016-05-04 16:05:59.378  DEBUG (QuartzSchedulerThread.java:276) - batch acquisition of 0 triggers
 2016-05-04 16:05:59.379  INFO  (PlugInExample.java:40) - ------- Started Scheduler -----------------
 2016-05-04 16:05:59.379  INFO  (PlugInExample.java:41) - ------- Waiting five minutes... -----------
 2016-05-04 16:06:04.379  INFO  (PlugInExample.java:51) - ------- Shutting Down ---------------------
 2016-05-04 16:06:04.380  INFO  (QuartzScheduler.java:694) - Scheduler DefaultQuartzScheduler_$_NON_CLUSTERED shutting down.
 2016-05-04 16:06:04.380  INFO  (QuartzScheduler.java:613) - Scheduler DefaultQuartzScheduler_$_NON_CLUSTERED paused.
 2016-05-04 16:06:04.381  DEBUG (SimpleThreadPool.java:328) - Shutting down threadpool...
 2016-05-04 16:06:04.503  DEBUG (SimpleThreadPool.java:612) - WorkerThread is shut down.
 2016-05-04 16:06:04.503  DEBUG (SimpleThreadPool.java:612) - WorkerThread is shut down.
 2016-05-04 16:06:04.503  DEBUG (SimpleThreadPool.java:612) - WorkerThread is shut down.
 2016-05-04 16:06:04.503  DEBUG (SimpleThreadPool.java:612) - WorkerThread is shut down.
 2016-05-04 16:06:04.503  DEBUG (SimpleThreadPool.java:612) - WorkerThread is shut down.
 2016-05-04 16:06:04.507  DEBUG (SimpleThreadPool.java:393) - No executing jobs remaining, all threads stopped.
 2016-05-04 16:06:04.508  DEBUG (SimpleThreadPool.java:395) - Shutdown of threadpool complete.
 2016-05-04 16:06:04.509  INFO  (QuartzScheduler.java:771) - Scheduler DefaultQuartzScheduler_$_NON_CLUSTERED shutdown complete.
 2016-05-04 16:06:04.510  INFO  (PlugInExample.java:53) - ------- Shutdown Complete -----------------
 2016-05-04 16:06:04.511  INFO  (PlugInExample.java:55) - Executed 0 jobs.
 2016-05-04 16:22:53.901  INFO  (StdSchedulerFactory.java:1172) - Using default implementation for ThreadExecutor
 2016-05-04 16:22:53.932  INFO  (SchedulerSignalerImpl.java:61) - Initialized Scheduler Signaller of type: class org.quartz.core.SchedulerSignalerImpl
 2016-05-04 16:22:53.932  INFO  (QuartzScheduler.java:240) - Quartz Scheduler v.2.2.2 created.
 2016-05-04 16:22:53.935  INFO  (XMLSchedulingDataProcessorPlugin.java:200) - Registering Quartz Job Initialization Plug-in.
 2016-05-04 16:22:53.936  INFO  (RAMJobStore.java:155) - RAMJobStore initialized.
 2016-05-04 16:22:53.937  INFO  (QuartzScheduler.java:305) - Scheduler meta-data: Quartz Scheduler (v2.2.2) 'TestScheduler' with instanceId 'NON_CLUSTERED'
  Scheduler class: 'org.quartz.core.QuartzScheduler' - running locally.
  NOT STARTED.
  Currently in standby mode.
  Number of jobs executed: 0
  Using thread pool 'org.quartz.simpl.SimpleThreadPool' - with 3 threads.
  Using job-store 'org.quartz.simpl.RAMJobStore' - which does not support persistence. and is not clustered.

 2016-05-04 16:22:53.937  INFO  (StdSchedulerFactory.java:1327) - Quartz scheduler 'TestScheduler' initialized from default resource file in Quartz package: 'quartz.properties'
 2016-05-04 16:22:53.937  INFO  (StdSchedulerFactory.java:1331) - Quartz scheduler version: 2.2.2
 2016-05-04 16:22:53.937  INFO  (PlugInExample.java:34) - ------- Initialization Complete -----------
 2016-05-04 16:22:53.938  INFO  (PlugInExample.java:35) - ------- (Not Scheduling any Jobs - relying on XML definitions --
 2016-05-04 16:22:53.938  INFO  (PlugInExample.java:36) - ------- Starting Scheduler ----------------
 2016-05-04 16:22:53.945  DEBUG (XMLSchedulingDataProcessorPlugin.java:243) - Scheduled file scan job for data file: quartz_data.xml, at interval: 120000
 2016-05-04 16:22:53.958  DEBUG (XMLSchedulingDataProcessor.java:227) - Utilizing schema packaged in local quartz distribution jar.
 2016-05-04 16:22:53.963  INFO  (XMLSchedulingDataProcessor.java:452) - Parsing XML file: quartz_data.xml with systemId: quartz_data.xml
 2016-05-04 16:22:54.046  DEBUG (XMLSchedulingDataProcessor.java:504) - Found 1 delete job group commands.
 2016-05-04 16:22:54.049  DEBUG (XMLSchedulingDataProcessor.java:518) - Found 1 delete trigger group commands.
 2016-05-04 16:22:54.053  DEBUG (XMLSchedulingDataProcessor.java:532) - Found 0 delete job commands.
 2016-05-04 16:22:54.055  DEBUG (XMLSchedulingDataProcessor.java:549) - Found 0 delete trigger commands.
 2016-05-04 16:22:54.057  DEBUG (XMLSchedulingDataProcessor.java:572) - Directive 'overwrite-existing-data' specified as: true
 2016-05-04 16:22:54.059  DEBUG (XMLSchedulingDataProcessor.java:582) - Directive 'ignore-duplicates' specified as: false
 2016-05-04 16:22:54.061  DEBUG (XMLSchedulingDataProcessor.java:593) - Found 3 job definitions.
 2016-05-04 16:22:54.092  DEBUG (XMLSchedulingDataProcessor.java:629) - Parsed job definition: JobDetail 'DEFAULT.TestJob1':  jobClass: 'quartaDemos.demo10.SimpleJob concurrentExectionDisallowed: false persistJobDataAfterExecution: false isDurable: false requestsRecovers: false
 2016-05-04 16:22:54.100  DEBUG (XMLSchedulingDataProcessor.java:629) - Parsed job definition: JobDetail 'DEFAULT.TestDurableJob':  jobClass: 'quartaDemos.demo10.SimpleJob concurrentExectionDisallowed: false persistJobDataAfterExecution: false isDurable: true requestsRecovers: false
 2016-05-04 16:22:54.111  DEBUG (XMLSchedulingDataProcessor.java:629) - Parsed job definition: JobDetail 'GroupOfTestJob2.TestJob2':  jobClass: 'quartaDemos.demo10.SimpleJob concurrentExectionDisallowed: false persistJobDataAfterExecution: false isDurable: false requestsRecovers: true
 2016-05-04 16:22:54.114  DEBUG (XMLSchedulingDataProcessor.java:641) - Found 4 trigger definitions.
 2016-05-04 16:22:54.133  DEBUG (XMLSchedulingDataProcessor.java:772) - Parsed trigger definition: Trigger 'DEFAULT.TestSimpleTrigger1AtFiveSecondInterval':  triggerClass: 'org.quartz.impl.triggers.SimpleTriggerImpl calendar: 'null' misfireInstruction: 0 nextFireTime: null
 2016-05-04 16:22:54.180  DEBUG (XMLSchedulingDataProcessor.java:772) - Parsed trigger definition: Trigger 'GroupOfTestJob2Triggers.TestSimpleTrigger2AtTenSecondIntervalAndFiveRepeats':  triggerClass: 'org.quartz.impl.triggers.SimpleTriggerImpl calendar: 'null' misfireInstruction: 2 nextFireTime: null
 2016-05-04 16:22:54.218  DEBUG (XMLSchedulingDataProcessor.java:772) - Parsed trigger definition: Trigger 'GroupOfTestJob2Triggers.TestCronTrigger2AtEveryMinute':  triggerClass: 'org.quartz.impl.triggers.CronTriggerImpl calendar: 'null' misfireInstruction: 0 nextFireTime: null
 2016-05-04 16:22:54.263  DEBUG (XMLSchedulingDataProcessor.java:772) - Parsed trigger definition: Trigger 'GroupOfTestJob2Triggers.TestCronTrigger2AtEveryMinuteOnThe45thSecond':  triggerClass: 'org.quartz.impl.triggers.CronTriggerImpl calendar: 'null' misfireInstruction: 0 nextFireTime: null
 2016-05-04 16:22:54.263  INFO  (XMLSchedulingDataProcessor.java:906) - Deleting all jobs in ALL groups.
 2016-05-04 16:22:54.264  INFO  (XMLSchedulingDataProcessor.java:927) - Deleting all triggers in ALL groups.
 2016-05-04 16:22:54.264  INFO  (XMLSchedulingDataProcessor.java:977) - Adding 3 jobs, 4 triggers.
 2016-05-04 16:22:54.264  INFO  (XMLSchedulingDataProcessor.java:1015) - Adding job: DEFAULT.TestJob1
 2016-05-04 16:22:54.264  DEBUG (XMLSchedulingDataProcessor.java:1075) - Scheduling job: DEFAULT.TestJob1 with trigger: DEFAULT.TestSimpleTrigger1AtFiveSecondInterval
 2016-05-04 16:22:54.265  INFO  (XMLSchedulingDataProcessor.java:1015) - Adding job: DEFAULT.TestDurableJob
 2016-05-04 16:22:54.265  INFO  (XMLSchedulingDataProcessor.java:1015) - Adding job: GroupOfTestJob2.TestJob2
 2016-05-04 16:22:54.265  DEBUG (XMLSchedulingDataProcessor.java:1075) - Scheduling job: GroupOfTestJob2.TestJob2 with trigger: GroupOfTestJob2Triggers.TestSimpleTrigger2AtTenSecondIntervalAndFiveRepeats
 2016-05-04 16:22:54.265  DEBUG (XMLSchedulingDataProcessor.java:1075) - Scheduling job: GroupOfTestJob2.TestJob2 with trigger: GroupOfTestJob2Triggers.TestCronTrigger2AtEveryMinute
 2016-05-04 16:22:54.282  DEBUG (XMLSchedulingDataProcessor.java:1075) - Scheduling job: GroupOfTestJob2.TestJob2 with trigger: GroupOfTestJob2Triggers.TestCronTrigger2AtEveryMinuteOnThe45thSecond
 2016-05-04 16:22:54.284  INFO  (QuartzScheduler.java:575) - Scheduler TestScheduler_$_NON_CLUSTERED started.
 2016-05-04 16:22:54.284  INFO  (PlugInExample.java:40) - ------- Started Scheduler -----------------
 2016-05-04 16:22:54.284  INFO  (PlugInExample.java:41) - ------- Waiting five minutes... -----------
 2016-05-04 16:22:54.285  DEBUG (QuartzSchedulerThread.java:276) - batch acquisition of 1 triggers
 2016-05-04 16:22:54.287  DEBUG (SimpleJobFactory.java:51) - Producing instance of Job 'DEFAULT.TestJob1', class=quartaDemos.demo10.SimpleJob
 2016-05-04 16:22:54.292  DEBUG (QuartzSchedulerThread.java:276) - batch acquisition of 1 triggers
 2016-05-04 16:22:54.293  DEBUG (SimpleJobFactory.java:51) - Producing instance of Job 'GroupOfTestJob2.TestJob2', class=quartaDemos.demo10.SimpleJob
 2016-05-04 16:22:54.294  INFO  (LoggingJobHistoryPlugin.java:469) - Job DEFAULT.TestJob1 fired (by trigger DEFAULT.TestSimpleTrigger1AtFiveSecondInterval) at:  16:22:54 05/04/2016
 2016-05-04 16:22:54.294  DEBUG (JobRunShell.java:201) - Calling execute on job DEFAULT.TestJob1
 2016-05-04 16:22:54.294  INFO  (LoggingJobHistoryPlugin.java:469) - Job GroupOfTestJob2.TestJob2 fired (by trigger GroupOfTestJob2Triggers.TestSimpleTrigger2AtTenSecondIntervalAndFiveRepeats) at:  16:22:54 05/04/2016
 2016-05-04 16:22:54.294  DEBUG (QuartzSchedulerThread.java:276) - batch acquisition of 1 triggers
 2016-05-04 16:22:54.295  DEBUG (JobRunShell.java:201) - Calling execute on job GroupOfTestJob2.TestJob2
 2016-05-04 16:22:54.295  DEBUG (SimpleJobFactory.java:51) - Producing instance of Job 'GroupOfTestJob2.TestJob2', class=quartaDemos.demo10.SimpleJob
 2016-05-04 16:22:54.296  INFO  (LoggingJobHistoryPlugin.java:469) - Job GroupOfTestJob2.TestJob2 fired (by trigger GroupOfTestJob2Triggers.TestCronTrigger2AtEveryMinuteOnThe45thSecond) at:  16:22:54 05/04/2016
 2016-05-04 16:22:54.296  DEBUG (JobRunShell.java:201) - Calling execute on job GroupOfTestJob2.TestJob2
 2016-05-04 16:22:54.297  INFO  (SimpleJob.java:48) - Executing job: GroupOfTestJob2.TestJob2 executing at Wed May 04 16:22:54 CST 2016, fired by: GroupOfTestJob2Triggers.TestSimpleTrigger2AtTenSecondIntervalAndFiveRepeats
 2016-05-04 16:22:54.297  INFO  (SimpleJob.java:48) - Executing job: GroupOfTestJob2.TestJob2 executing at Wed May 04 16:22:54 CST 2016, fired by: GroupOfTestJob2Triggers.TestCronTrigger2AtEveryMinuteOnThe45thSecond
 2016-05-04 16:22:54.297  INFO  (SimpleJob.java:48) - Executing job: DEFAULT.TestJob1 executing at Wed May 04 16:22:54 CST 2016, fired by: DEFAULT.TestSimpleTrigger1AtFiveSecondInterval
 2016-05-04 16:22:54.298  INFO  (SimpleJob.java:54) -  - jobDataMap entry: someKey = someValue
 2016-05-04 16:22:54.298  INFO  (SimpleJob.java:54) -  - jobDataMap entry: someKey = someValue
 2016-05-04 16:22:54.298  INFO  (LoggingJobHistoryPlugin.java:513) - Job DEFAULT.TestJob1 execution complete at  16:22:54 05/04/2016 and reports: hello
 2016-05-04 16:22:54.298  INFO  (SimpleJob.java:54) -  - jobDataMap entry: someOtherKey = someOtherValue
 2016-05-04 16:22:54.298  INFO  (SimpleJob.java:54) -  - jobDataMap entry: someOtherKey = someOtherValue
 2016-05-04 16:22:54.299  INFO  (LoggingJobHistoryPlugin.java:513) - Job GroupOfTestJob2.TestJob2 execution complete at  16:22:54 05/04/2016 and reports: hello
 2016-05-04 16:22:54.299  DEBUG (QuartzSchedulerThread.java:276) - batch acquisition of 1 triggers
 2016-05-04 16:22:54.299  INFO  (LoggingJobHistoryPlugin.java:513) - Job GroupOfTestJob2.TestJob2 execution complete at  16:22:54 05/04/2016 and reports: hello
 2016-05-04 16:22:59.131  DEBUG (SimpleJobFactory.java:51) - Producing instance of Job 'DEFAULT.TestJob1', class=quartaDemos.demo10.SimpleJob
 2016-05-04 16:22:59.134  DEBUG (QuartzSchedulerThread.java:276) - batch acquisition of 1 triggers
 2016-05-04 16:22:59.134  INFO  (LoggingJobHistoryPlugin.java:469) - Job DEFAULT.TestJob1 fired (by trigger DEFAULT.TestSimpleTrigger1AtFiveSecondInterval) at:  16:22:59 05/04/2016
 2016-05-04 16:22:59.135  DEBUG (JobRunShell.java:201) - Calling execute on job DEFAULT.TestJob1
 2016-05-04 16:22:59.136  INFO  (SimpleJob.java:48) - Executing job: DEFAULT.TestJob1 executing at Wed May 04 16:22:59 CST 2016, fired by: DEFAULT.TestSimpleTrigger1AtFiveSecondInterval
 2016-05-04 16:22:59.137  INFO  (LoggingJobHistoryPlugin.java:513) - Job DEFAULT.TestJob1 execution complete at  16:22:59 05/04/2016 and reports: hello
 2016-05-04 16:22:59.286  INFO  (PlugInExample.java:51) - ------- Shutting Down ---------------------
 2016-05-04 16:22:59.286  INFO  (QuartzScheduler.java:694) - Scheduler TestScheduler_$_NON_CLUSTERED shutting down.
 2016-05-04 16:22:59.287  INFO  (QuartzScheduler.java:613) - Scheduler TestScheduler_$_NON_CLUSTERED paused.
 2016-05-04 16:22:59.288  DEBUG (SimpleThreadPool.java:328) - Shutting down threadpool...
 2016-05-04 16:22:59.303  DEBUG (SimpleThreadPool.java:612) - WorkerThread is shut down.
 2016-05-04 16:22:59.304  DEBUG (SimpleThreadPool.java:612) - WorkerThread is shut down.
 2016-05-04 16:22:59.638  DEBUG (SimpleThreadPool.java:612) - WorkerThread is shut down.
 2016-05-04 16:22:59.639  DEBUG (SimpleThreadPool.java:393) - No executing jobs remaining, all threads stopped.
 2016-05-04 16:22:59.640  DEBUG (SimpleThreadPool.java:395) - Shutdown of threadpool complete.
 2016-05-04 16:22:59.640  INFO  (QuartzScheduler.java:771) - Scheduler TestScheduler_$_NON_CLUSTERED shutdown complete.
 2016-05-04 16:22:59.641  INFO  (PlugInExample.java:53) - ------- Shutdown Complete -----------------
 2016-05-04 16:22:59.642  INFO  (PlugInExample.java:55) - Executed 4 jobs.
 2016-05-04 16:24:52.380  INFO  (JobStateExample.java:45) - ------- Initializing -------------------
 2016-05-04 16:24:52.415  INFO  (StdSchedulerFactory.java:1172) - Using default implementation for ThreadExecutor
 2016-05-04 16:24:52.430  INFO  (SchedulerSignalerImpl.java:61) - Initialized Scheduler Signaller of type: class org.quartz.core.SchedulerSignalerImpl
 2016-05-04 16:24:52.430  INFO  (QuartzScheduler.java:240) - Quartz Scheduler v.2.2.2 created.
 2016-05-04 16:24:52.433  INFO  (XMLSchedulingDataProcessorPlugin.java:200) - Registering Quartz Job Initialization Plug-in.
 2016-05-04 16:24:52.434  INFO  (RAMJobStore.java:155) - RAMJobStore initialized.
 2016-05-04 16:24:52.435  INFO  (QuartzScheduler.java:305) - Scheduler meta-data: Quartz Scheduler (v2.2.2) 'TestScheduler' with instanceId 'NON_CLUSTERED'
  Scheduler class: 'org.quartz.core.QuartzScheduler' - running locally.
  NOT STARTED.
  Currently in standby mode.
  Number of jobs executed: 0
  Using thread pool 'org.quartz.simpl.SimpleThreadPool' - with 3 threads.
  Using job-store 'org.quartz.simpl.RAMJobStore' - which does not support persistence. and is not clustered.

 2016-05-04 16:24:52.435  INFO  (StdSchedulerFactory.java:1327) - Quartz scheduler 'TestScheduler' initialized from default resource file in Quartz package: 'quartz.properties'
 2016-05-04 16:24:52.435  INFO  (StdSchedulerFactory.java:1331) - Quartz scheduler version: 2.2.2
 2016-05-04 16:24:52.436  INFO  (JobStateExample.java:49) - ------- Initialization Complete --------
 2016-05-04 16:24:52.436  INFO  (JobStateExample.java:50) - ------- Scheduling Jobs ----------------
 2016-05-04 16:24:52.451  INFO  (JobStateExample.java:63) - group1.job1 will run at: Wed May 04 16:25:00 CST 2016 and repeat: 4 times, every 10 seconds
 2016-05-04 16:24:52.452  INFO  (JobStateExample.java:76) - group1.job2 will run at: Wed May 04 16:25:00 CST 2016 and repeat: 4 times, every 10 seconds
 2016-05-04 16:24:52.452  INFO  (JobStateExample.java:79) - ------- Starting Scheduler ----------------
 2016-05-04 16:24:52.454  DEBUG (XMLSchedulingDataProcessorPlugin.java:243) - Scheduled file scan job for data file: quartz_data.xml, at interval: 120000
 2016-05-04 16:24:52.468  DEBUG (XMLSchedulingDataProcessor.java:227) - Utilizing schema packaged in local quartz distribution jar.
 2016-05-04 16:24:52.473  INFO  (XMLSchedulingDataProcessor.java:452) - Parsing XML file: quartz_data.xml with systemId: quartz_data.xml
 2016-05-04 16:24:52.548  DEBUG (XMLSchedulingDataProcessor.java:504) - Found 1 delete job group commands.
 2016-05-04 16:24:52.550  DEBUG (XMLSchedulingDataProcessor.java:518) - Found 1 delete trigger group commands.
 2016-05-04 16:24:52.552  DEBUG (XMLSchedulingDataProcessor.java:532) - Found 0 delete job commands.
 2016-05-04 16:24:52.554  DEBUG (XMLSchedulingDataProcessor.java:549) - Found 0 delete trigger commands.
 2016-05-04 16:24:52.556  DEBUG (XMLSchedulingDataProcessor.java:572) - Directive 'overwrite-existing-data' specified as: true
 2016-05-04 16:24:52.557  DEBUG (XMLSchedulingDataProcessor.java:582) - Directive 'ignore-duplicates' specified as: false
 2016-05-04 16:24:52.560  DEBUG (XMLSchedulingDataProcessor.java:593) - Found 3 job definitions.
 2016-05-04 16:24:52.571  DEBUG (XMLSchedulingDataProcessor.java:629) - Parsed job definition: JobDetail 'DEFAULT.TestJob1':  jobClass: 'quartaDemos.demo10.SimpleJob concurrentExectionDisallowed: false persistJobDataAfterExecution: false isDurable: false requestsRecovers: false
 2016-05-04 16:24:52.579  DEBUG (XMLSchedulingDataProcessor.java:629) - Parsed job definition: JobDetail 'DEFAULT.TestDurableJob':  jobClass: 'quartaDemos.demo10.SimpleJob concurrentExectionDisallowed: false persistJobDataAfterExecution: false isDurable: true requestsRecovers: false
 2016-05-04 16:24:52.591  DEBUG (XMLSchedulingDataProcessor.java:629) - Parsed job definition: JobDetail 'GroupOfTestJob2.TestJob2':  jobClass: 'quartaDemos.demo10.SimpleJob concurrentExectionDisallowed: false persistJobDataAfterExecution: false isDurable: false requestsRecovers: true
 2016-05-04 16:24:52.592  DEBUG (XMLSchedulingDataProcessor.java:641) - Found 4 trigger definitions.
 2016-05-04 16:24:52.609  DEBUG (XMLSchedulingDataProcessor.java:772) - Parsed trigger definition: Trigger 'DEFAULT.TestSimpleTrigger1AtFiveSecondInterval':  triggerClass: 'org.quartz.impl.triggers.SimpleTriggerImpl calendar: 'null' misfireInstruction: 0 nextFireTime: null
 2016-05-04 16:24:52.641  DEBUG (XMLSchedulingDataProcessor.java:772) - Parsed trigger definition: Trigger 'GroupOfTestJob2Triggers.TestSimpleTrigger2AtTenSecondIntervalAndFiveRepeats':  triggerClass: 'org.quartz.impl.triggers.SimpleTriggerImpl calendar: 'null' misfireInstruction: 2 nextFireTime: null
 2016-05-04 16:24:52.681  DEBUG (XMLSchedulingDataProcessor.java:772) - Parsed trigger definition: Trigger 'GroupOfTestJob2Triggers.TestCronTrigger2AtEveryMinute':  triggerClass: 'org.quartz.impl.triggers.CronTriggerImpl calendar: 'null' misfireInstruction: 0 nextFireTime: null
 2016-05-04 16:24:52.698  DEBUG (XMLSchedulingDataProcessor.java:772) - Parsed trigger definition: Trigger 'GroupOfTestJob2Triggers.TestCronTrigger2AtEveryMinuteOnThe45thSecond':  triggerClass: 'org.quartz.impl.triggers.CronTriggerImpl calendar: 'null' misfireInstruction: 0 nextFireTime: null
 2016-05-04 16:24:52.698  INFO  (XMLSchedulingDataProcessor.java:906) - Deleting all jobs in ALL groups.
 2016-05-04 16:24:52.707  INFO  (XMLSchedulingDataProcessor.java:927) - Deleting all triggers in ALL groups.
 2016-05-04 16:24:52.707  INFO  (XMLSchedulingDataProcessor.java:977) - Adding 3 jobs, 4 triggers.
 2016-05-04 16:24:52.707  INFO  (XMLSchedulingDataProcessor.java:1015) - Adding job: DEFAULT.TestJob1
 2016-05-04 16:24:52.708  DEBUG (XMLSchedulingDataProcessor.java:1075) - Scheduling job: DEFAULT.TestJob1 with trigger: DEFAULT.TestSimpleTrigger1AtFiveSecondInterval
 2016-05-04 16:24:52.708  INFO  (XMLSchedulingDataProcessor.java:1015) - Adding job: DEFAULT.TestDurableJob
 2016-05-04 16:24:52.708  INFO  (XMLSchedulingDataProcessor.java:1015) - Adding job: GroupOfTestJob2.TestJob2
 2016-05-04 16:24:52.708  DEBUG (XMLSchedulingDataProcessor.java:1075) - Scheduling job: GroupOfTestJob2.TestJob2 with trigger: GroupOfTestJob2Triggers.TestSimpleTrigger2AtTenSecondIntervalAndFiveRepeats
 2016-05-04 16:24:52.709  DEBUG (XMLSchedulingDataProcessor.java:1075) - Scheduling job: GroupOfTestJob2.TestJob2 with trigger: GroupOfTestJob2Triggers.TestCronTrigger2AtEveryMinute
 2016-05-04 16:24:52.711  DEBUG (XMLSchedulingDataProcessor.java:1075) - Scheduling job: GroupOfTestJob2.TestJob2 with trigger: GroupOfTestJob2Triggers.TestCronTrigger2AtEveryMinuteOnThe45thSecond
 2016-05-04 16:24:52.713  INFO  (QuartzScheduler.java:575) - Scheduler TestScheduler_$_NON_CLUSTERED started.
 2016-05-04 16:24:52.713  INFO  (JobStateExample.java:84) - ------- Started Scheduler -----------------
 2016-05-04 16:24:52.714  INFO  (JobStateExample.java:85) - ------- Waiting 60 seconds... -------------
 2016-05-04 16:24:52.725  DEBUG (QuartzSchedulerThread.java:276) - batch acquisition of 1 triggers
 2016-05-04 16:24:52.728  DEBUG (SimpleJobFactory.java:51) - Producing instance of Job 'JobSchedulingDataLoaderPlugin.JobSchedulingDataLoaderPlugin_jobInitializer_quartz_data_xml', class=org.quartz.jobs.FileScanJob
 2016-05-04 16:24:52.734  DEBUG (QuartzSchedulerThread.java:276) - batch acquisition of 1 triggers
 2016-05-04 16:24:52.735  DEBUG (SimpleJobFactory.java:51) - Producing instance of Job 'DEFAULT.TestJob1', class=quartaDemos.demo10.SimpleJob
 2016-05-04 16:24:52.736  INFO  (LoggingJobHistoryPlugin.java:469) - Job JobSchedulingDataLoaderPlugin.JobSchedulingDataLoaderPlugin_jobInitializer_quartz_data_xml fired (by trigger JobSchedulingDataLoaderPlugin.JobSchedulingDataLoaderPlugin_jobInitializer_quartz_data_xml) at:  16:24:52 05/04/2016
 2016-05-04 16:24:52.736  DEBUG (JobRunShell.java:201) - Calling execute on job JobSchedulingDataLoaderPlugin.JobSchedulingDataLoaderPlugin_jobInitializer_quartz_data_xml
 2016-05-04 16:24:52.737  DEBUG (QuartzSchedulerThread.java:276) - batch acquisition of 1 triggers
 2016-05-04 16:24:52.737  DEBUG (SimpleJobFactory.java:51) - Producing instance of Job 'GroupOfTestJob2.TestJob2', class=quartaDemos.demo10.SimpleJob
 2016-05-04 16:24:52.737  DEBUG (FileScanJob.java:138) - File 'quartz_data.xml' unchanged.
 2016-05-04 16:24:52.738  INFO  (LoggingJobHistoryPlugin.java:469) - Job GroupOfTestJob2.TestJob2 fired (by trigger GroupOfTestJob2Triggers.TestSimpleTrigger2AtTenSecondIntervalAndFiveRepeats) at:  16:24:52 05/04/2016
 2016-05-04 16:24:52.739  DEBUG (JobRunShell.java:201) - Calling execute on job GroupOfTestJob2.TestJob2
 2016-05-04 16:24:52.738  INFO  (LoggingJobHistoryPlugin.java:469) - Job DEFAULT.TestJob1 fired (by trigger DEFAULT.TestSimpleTrigger1AtFiveSecondInterval) at:  16:24:52 05/04/2016
 2016-05-04 16:24:52.739  INFO  (SimpleJob.java:48) - Executing job: GroupOfTestJob2.TestJob2 executing at Wed May 04 16:24:52 CST 2016, fired by: GroupOfTestJob2Triggers.TestSimpleTrigger2AtTenSecondIntervalAndFiveRepeats
 2016-05-04 16:24:52.739  INFO  (LoggingJobHistoryPlugin.java:513) - Job JobSchedulingDataLoaderPlugin.JobSchedulingDataLoaderPlugin_jobInitializer_quartz_data_xml execution complete at  16:24:52 05/04/2016 and reports: null
 2016-05-04 16:24:52.739  INFO  (SimpleJob.java:54) -  - jobDataMap entry: someKey = someValue
 2016-05-04 16:24:52.740  INFO  (SimpleJob.java:54) -  - jobDataMap entry: someOtherKey = someOtherValue
 2016-05-04 16:24:52.739  DEBUG (JobRunShell.java:201) - Calling execute on job DEFAULT.TestJob1
 2016-05-04 16:24:52.740  INFO  (SimpleJob.java:48) - Executing job: DEFAULT.TestJob1 executing at Wed May 04 16:24:52 CST 2016, fired by: DEFAULT.TestSimpleTrigger1AtFiveSecondInterval
 2016-05-04 16:24:52.740  DEBUG (QuartzSchedulerThread.java:276) - batch acquisition of 1 triggers
 2016-05-04 16:24:52.740  INFO  (LoggingJobHistoryPlugin.java:513) - Job GroupOfTestJob2.TestJob2 execution complete at  16:24:52 05/04/2016 and reports: hello
 2016-05-04 16:24:52.741  INFO  (LoggingJobHistoryPlugin.java:513) - Job DEFAULT.TestJob1 execution complete at  16:24:52 05/04/2016 and reports: hello
 2016-05-04 16:24:52.741  DEBUG (SimpleJobFactory.java:51) - Producing instance of Job 'GroupOfTestJob2.TestJob2', class=quartaDemos.demo10.SimpleJob
 2016-05-04 16:24:52.742  DEBUG (QuartzSchedulerThread.java:276) - batch acquisition of 1 triggers
 2016-05-04 16:24:52.742  INFO  (LoggingJobHistoryPlugin.java:469) - Job GroupOfTestJob2.TestJob2 fired (by trigger GroupOfTestJob2Triggers.TestCronTrigger2AtEveryMinuteOnThe45thSecond) at:  16:24:52 05/04/2016
 2016-05-04 16:24:52.742  DEBUG (JobRunShell.java:201) - Calling execute on job GroupOfTestJob2.TestJob2
 2016-05-04 16:24:52.742  INFO  (SimpleJob.java:48) - Executing job: GroupOfTestJob2.TestJob2 executing at Wed May 04 16:24:52 CST 2016, fired by: GroupOfTestJob2Triggers.TestCronTrigger2AtEveryMinuteOnThe45thSecond
 2016-05-04 16:24:52.742  INFO  (SimpleJob.java:54) -  - jobDataMap entry: someKey = someValue
 2016-05-04 16:24:52.743  INFO  (SimpleJob.java:54) -  - jobDataMap entry: someOtherKey = someOtherValue
 2016-05-04 16:24:52.743  INFO  (LoggingJobHistoryPlugin.java:513) - Job GroupOfTestJob2.TestJob2 execution complete at  16:24:52 05/04/2016 and reports: hello
 2016-05-04 16:24:57.607  DEBUG (SimpleJobFactory.java:51) - Producing instance of Job 'DEFAULT.TestJob1', class=quartaDemos.demo10.SimpleJob
 2016-05-04 16:24:57.609  INFO  (LoggingJobHistoryPlugin.java:469) - Job DEFAULT.TestJob1 fired (by trigger DEFAULT.TestSimpleTrigger1AtFiveSecondInterval) at:  16:24:57 05/04/2016
 2016-05-04 16:24:57.609  DEBUG (QuartzSchedulerThread.java:276) - batch acquisition of 1 triggers
 2016-05-04 16:24:57.609  DEBUG (JobRunShell.java:201) - Calling execute on job DEFAULT.TestJob1
 2016-05-04 16:24:57.611  INFO  (SimpleJob.java:48) - Executing job: DEFAULT.TestJob1 executing at Wed May 04 16:24:57 CST 2016, fired by: DEFAULT.TestSimpleTrigger1AtFiveSecondInterval
 2016-05-04 16:24:57.612  INFO  (LoggingJobHistoryPlugin.java:513) - Job DEFAULT.TestJob1 execution complete at  16:24:57 05/04/2016 and reports: hello
 2016-05-04 16:25:00.003  DEBUG (SimpleJobFactory.java:51) - Producing instance of Job 'GroupOfTestJob2.TestJob2', class=quartaDemos.demo10.SimpleJob
 2016-05-04 16:25:00.005  DEBUG (QuartzSchedulerThread.java:276) - batch acquisition of 1 triggers
 2016-05-04 16:25:00.006  INFO  (LoggingJobHistoryPlugin.java:469) - Job GroupOfTestJob2.TestJob2 fired (by trigger GroupOfTestJob2Triggers.TestCronTrigger2AtEveryMinute) at:  16:25:00 05/04/2016
 2016-05-04 16:25:00.007  DEBUG (JobRunShell.java:201) - Calling execute on job GroupOfTestJob2.TestJob2
 2016-05-04 16:25:00.008  INFO  (SimpleJob.java:48) - Executing job: GroupOfTestJob2.TestJob2 executing at Wed May 04 16:25:00 CST 2016, fired by: GroupOfTestJob2Triggers.TestCronTrigger2AtEveryMinute
 2016-05-04 16:25:00.009  INFO  (SimpleJob.java:54) -  - jobDataMap entry: someKey = overriddenValue
 2016-05-04 16:25:00.010  INFO  (SimpleJob.java:54) -  - jobDataMap entry: someOtherKey = someOtherOverriddenValue
 2016-05-04 16:25:00.012  INFO  (LoggingJobHistoryPlugin.java:513) - Job GroupOfTestJob2.TestJob2 execution complete at  16:25:00 05/04/2016 and reports: hello
 2016-05-04 16:25:02.607  DEBUG (SimpleJobFactory.java:51) - Producing instance of Job 'DEFAULT.TestJob1', class=quartaDemos.demo10.SimpleJob
 2016-05-04 16:25:02.608  DEBUG (QuartzSchedulerThread.java:276) - batch acquisition of 1 triggers
 2016-05-04 16:25:02.608  INFO  (LoggingJobHistoryPlugin.java:469) - Job DEFAULT.TestJob1 fired (by trigger DEFAULT.TestSimpleTrigger1AtFiveSecondInterval) at:  16:25:02 05/04/2016
 2016-05-04 16:25:02.609  DEBUG (JobRunShell.java:201) - Calling execute on job DEFAULT.TestJob1
 2016-05-04 16:25:02.609  INFO  (SimpleJob.java:48) - Executing job: DEFAULT.TestJob1 executing at Wed May 04 16:25:02 CST 2016, fired by: DEFAULT.TestSimpleTrigger1AtFiveSecondInterval
 2016-05-04 16:25:02.610  INFO  (LoggingJobHistoryPlugin.java:513) - Job DEFAULT.TestJob1 execution complete at  16:25:02 05/04/2016 and reports: hello
 2016-05-04 16:25:02.713  DEBUG (SimpleJobFactory.java:51) - Producing instance of Job 'GroupOfTestJob2.TestJob2', class=quartaDemos.demo10.SimpleJob
 2016-05-04 16:25:02.714  DEBUG (QuartzSchedulerThread.java:276) - batch acquisition of 1 triggers
 2016-05-04 16:25:02.715  INFO  (LoggingJobHistoryPlugin.java:469) - Job GroupOfTestJob2.TestJob2 fired (by trigger GroupOfTestJob2Triggers.TestSimpleTrigger2AtTenSecondIntervalAndFiveRepeats) at:  16:25:02 05/04/2016
 2016-05-04 16:25:02.716  DEBUG (JobRunShell.java:201) - Calling execute on job GroupOfTestJob2.TestJob2
 2016-05-04 16:25:02.716  INFO  (SimpleJob.java:48) - Executing job: GroupOfTestJob2.TestJob2 executing at Wed May 04 16:25:02 CST 2016, fired by: GroupOfTestJob2Triggers.TestSimpleTrigger2AtTenSecondIntervalAndFiveRepeats
 2016-05-04 16:25:02.717  INFO  (SimpleJob.java:54) -  - jobDataMap entry: someKey = someValue
 2016-05-04 16:25:02.717  INFO  (SimpleJob.java:54) -  - jobDataMap entry: someOtherKey = someOtherValue
 2016-05-04 16:25:02.718  INFO  (LoggingJobHistoryPlugin.java:513) - Job GroupOfTestJob2.TestJob2 execution complete at  16:25:02 05/04/2016 and reports: hello
 2016-05-04 16:25:07.607  DEBUG (SimpleJobFactory.java:51) - Producing instance of Job 'DEFAULT.TestJob1', class=quartaDemos.demo10.SimpleJob
 2016-05-04 16:25:07.608  DEBUG (QuartzSchedulerThread.java:276) - batch acquisition of 1 triggers
 2016-05-04 16:25:07.609  INFO  (LoggingJobHistoryPlugin.java:469) - Job DEFAULT.TestJob1 fired (by trigger DEFAULT.TestSimpleTrigger1AtFiveSecondInterval) at:  16:25:07 05/04/2016
 2016-05-04 16:25:07.609  DEBUG (JobRunShell.java:201) - Calling execute on job DEFAULT.TestJob1
 2016-05-04 16:25:07.610  INFO  (SimpleJob.java:48) - Executing job: DEFAULT.TestJob1 executing at Wed May 04 16:25:07 CST 2016, fired by: DEFAULT.TestSimpleTrigger1AtFiveSecondInterval
 2016-05-04 16:25:07.611  INFO  (LoggingJobHistoryPlugin.java:513) - Job DEFAULT.TestJob1 execution complete at  16:25:07 05/04/2016 and reports: hello
 2016-05-04 16:25:12.606  DEBUG (SimpleJobFactory.java:51) - Producing instance of Job 'DEFAULT.TestJob1', class=quartaDemos.demo10.SimpleJob
 2016-05-04 16:25:12.607  DEBUG (QuartzSchedulerThread.java:276) - batch acquisition of 1 triggers
 2016-05-04 16:25:12.608  INFO  (LoggingJobHistoryPlugin.java:469) - Job DEFAULT.TestJob1 fired (by trigger DEFAULT.TestSimpleTrigger1AtFiveSecondInterval) at:  16:25:12 05/04/2016
 2016-05-04 16:25:12.608  DEBUG (JobRunShell.java:201) - Calling execute on job DEFAULT.TestJob1
 2016-05-04 16:25:12.609  INFO  (SimpleJob.java:48) - Executing job: DEFAULT.TestJob1 executing at Wed May 04 16:25:12 CST 2016, fired by: DEFAULT.TestSimpleTrigger1AtFiveSecondInterval
 2016-05-04 16:25:12.610  INFO  (LoggingJobHistoryPlugin.java:513) - Job DEFAULT.TestJob1 execution complete at  16:25:12 05/04/2016 and reports: hello
 2016-05-04 16:25:12.713  DEBUG (SimpleJobFactory.java:51) - Producing instance of Job 'GroupOfTestJob2.TestJob2', class=quartaDemos.demo10.SimpleJob
 2016-05-04 16:25:12.715  DEBUG (QuartzSchedulerThread.java:276) - batch acquisition of 1 triggers
 2016-05-04 16:25:12.715  INFO  (LoggingJobHistoryPlugin.java:469) - Job GroupOfTestJob2.TestJob2 fired (by trigger GroupOfTestJob2Triggers.TestSimpleTrigger2AtTenSecondIntervalAndFiveRepeats) at:  16:25:12 05/04/2016
 2016-05-04 16:25:12.716  DEBUG (JobRunShell.java:201) - Calling execute on job GroupOfTestJob2.TestJob2
 2016-05-04 16:25:12.717  INFO  (SimpleJob.java:48) - Executing job: GroupOfTestJob2.TestJob2 executing at Wed May 04 16:25:12 CST 2016, fired by: GroupOfTestJob2Triggers.TestSimpleTrigger2AtTenSecondIntervalAndFiveRepeats
 2016-05-04 16:25:12.718  INFO  (SimpleJob.java:54) -  - jobDataMap entry: someKey = someValue
 2016-05-04 16:25:12.719  INFO  (SimpleJob.java:54) -  - jobDataMap entry: someOtherKey = someOtherValue
 2016-05-04 16:25:12.720  INFO  (LoggingJobHistoryPlugin.java:513) - Job GroupOfTestJob2.TestJob2 execution complete at  16:25:12 05/04/2016 and reports: hello
 2016-05-04 16:25:17.607  DEBUG (SimpleJobFactory.java:51) - Producing instance of Job 'DEFAULT.TestJob1', class=quartaDemos.demo10.SimpleJob
 2016-05-04 16:25:17.608  DEBUG (QuartzSchedulerThread.java:276) - batch acquisition of 1 triggers
 2016-05-04 16:25:17.609  INFO  (LoggingJobHistoryPlugin.java:469) - Job DEFAULT.TestJob1 fired (by trigger DEFAULT.TestSimpleTrigger1AtFiveSecondInterval) at:  16:25:17 05/04/2016
 2016-05-04 16:25:17.609  DEBUG (JobRunShell.java:201) - Calling execute on job DEFAULT.TestJob1
 2016-05-04 16:25:17.610  INFO  (SimpleJob.java:48) - Executing job: DEFAULT.TestJob1 executing at Wed May 04 16:25:17 CST 2016, fired by: DEFAULT.TestSimpleTrigger1AtFiveSecondInterval
 2016-05-04 16:25:17.611  INFO  (LoggingJobHistoryPlugin.java:513) - Job DEFAULT.TestJob1 execution complete at  16:25:17 05/04/2016 and reports: hello
 2016-05-04 16:25:22.606  DEBUG (SimpleJobFactory.java:51) - Producing instance of Job 'DEFAULT.TestJob1', class=quartaDemos.demo10.SimpleJob
 2016-05-04 16:25:22.607  DEBUG (QuartzSchedulerThread.java:276) - batch acquisition of 1 triggers
 2016-05-04 16:25:22.608  INFO  (LoggingJobHistoryPlugin.java:469) - Job DEFAULT.TestJob1 fired (by trigger DEFAULT.TestSimpleTrigger1AtFiveSecondInterval) at:  16:25:22 05/04/2016
 2016-05-04 16:25:22.608  DEBUG (JobRunShell.java:201) - Calling execute on job DEFAULT.TestJob1
 2016-05-04 16:25:22.609  INFO  (SimpleJob.java:48) - Executing job: DEFAULT.TestJob1 executing at Wed May 04 16:25:22 CST 2016, fired by: DEFAULT.TestSimpleTrigger1AtFiveSecondInterval
 2016-05-04 16:25:22.610  INFO  (LoggingJobHistoryPlugin.java:513) - Job DEFAULT.TestJob1 execution complete at  16:25:22 05/04/2016 and reports: hello
 2016-05-04 16:25:22.713  DEBUG (SimpleJobFactory.java:51) - Producing instance of Job 'GroupOfTestJob2.TestJob2', class=quartaDemos.demo10.SimpleJob
 2016-05-04 16:25:22.714  DEBUG (QuartzSchedulerThread.java:276) - batch acquisition of 1 triggers
 2016-05-04 16:25:22.715  INFO  (LoggingJobHistoryPlugin.java:469) - Job GroupOfTestJob2.TestJob2 fired (by trigger GroupOfTestJob2Triggers.TestSimpleTrigger2AtTenSecondIntervalAndFiveRepeats) at:  16:25:22 05/04/2016
 2016-05-04 16:25:22.716  DEBUG (JobRunShell.java:201) - Calling execute on job GroupOfTestJob2.TestJob2
 2016-05-04 16:25:22.716  INFO  (SimpleJob.java:48) - Executing job: GroupOfTestJob2.TestJob2 executing at Wed May 04 16:25:22 CST 2016, fired by: GroupOfTestJob2Triggers.TestSimpleTrigger2AtTenSecondIntervalAndFiveRepeats
 2016-05-04 16:25:22.717  INFO  (SimpleJob.java:54) -  - jobDataMap entry: someKey = someValue
 2016-05-04 16:25:22.718  INFO  (SimpleJob.java:54) -  - jobDataMap entry: someOtherKey = someOtherValue
 2016-05-04 16:25:22.719  INFO  (LoggingJobHistoryPlugin.java:513) - Job GroupOfTestJob2.TestJob2 execution complete at  16:25:22 05/04/2016 and reports: hello
 2016-05-04 16:25:27.607  DEBUG (SimpleJobFactory.java:51) - Producing instance of Job 'DEFAULT.TestJob1', class=quartaDemos.demo10.SimpleJob
 2016-05-04 16:25:27.608  DEBUG (QuartzSchedulerThread.java:276) - batch acquisition of 1 triggers
 2016-05-04 16:25:27.608  INFO  (LoggingJobHistoryPlugin.java:469) - Job DEFAULT.TestJob1 fired (by trigger DEFAULT.TestSimpleTrigger1AtFiveSecondInterval) at:  16:25:27 05/04/2016
 2016-05-04 16:25:27.608  DEBUG (JobRunShell.java:201) - Calling execute on job DEFAULT.TestJob1
 2016-05-04 16:25:27.608  INFO  (SimpleJob.java:48) - Executing job: DEFAULT.TestJob1 executing at Wed May 04 16:25:27 CST 2016, fired by: DEFAULT.TestSimpleTrigger1AtFiveSecondInterval
 2016-05-04 16:25:27.609  INFO  (LoggingJobHistoryPlugin.java:513) - Job DEFAULT.TestJob1 execution complete at  16:25:27 05/04/2016 and reports: hello
 2016-05-04 16:25:32.606  DEBUG (SimpleJobFactory.java:51) - Producing instance of Job 'DEFAULT.TestJob1', class=quartaDemos.demo10.SimpleJob
 2016-05-04 16:25:32.606  DEBUG (QuartzSchedulerThread.java:276) - batch acquisition of 1 triggers
 2016-05-04 16:25:32.607  INFO  (LoggingJobHistoryPlugin.java:469) - Job DEFAULT.TestJob1 fired (by trigger DEFAULT.TestSimpleTrigger1AtFiveSecondInterval) at:  16:25:32 05/04/2016
 2016-05-04 16:25:32.607  DEBUG (JobRunShell.java:201) - Calling execute on job DEFAULT.TestJob1
 2016-05-04 16:25:32.607  INFO  (SimpleJob.java:48) - Executing job: DEFAULT.TestJob1 executing at Wed May 04 16:25:32 CST 2016, fired by: DEFAULT.TestSimpleTrigger1AtFiveSecondInterval
 2016-05-04 16:25:32.608  INFO  (LoggingJobHistoryPlugin.java:513) - Job DEFAULT.TestJob1 execution complete at  16:25:32 05/04/2016 and reports: hello
 2016-05-04 16:25:32.713  DEBUG (SimpleJobFactory.java:51) - Producing instance of Job 'GroupOfTestJob2.TestJob2', class=quartaDemos.demo10.SimpleJob
 2016-05-04 16:25:32.714  DEBUG (QuartzSchedulerThread.java:276) - batch acquisition of 1 triggers
 2016-05-04 16:25:32.715  INFO  (LoggingJobHistoryPlugin.java:469) - Job GroupOfTestJob2.TestJob2 fired (by trigger GroupOfTestJob2Triggers.TestSimpleTrigger2AtTenSecondIntervalAndFiveRepeats) at:  16:25:32 05/04/2016
 2016-05-04 16:25:32.715  DEBUG (JobRunShell.java:201) - Calling execute on job GroupOfTestJob2.TestJob2
 2016-05-04 16:25:32.715  INFO  (SimpleJob.java:48) - Executing job: GroupOfTestJob2.TestJob2 executing at Wed May 04 16:25:32 CST 2016, fired by: GroupOfTestJob2Triggers.TestSimpleTrigger2AtTenSecondIntervalAndFiveRepeats
 2016-05-04 16:25:32.716  INFO  (SimpleJob.java:54) -  - jobDataMap entry: someKey = someValue
 2016-05-04 16:25:32.716  INFO  (SimpleJob.java:54) -  - jobDataMap entry: someOtherKey = someOtherValue
 2016-05-04 16:25:32.717  INFO  (LoggingJobHistoryPlugin.java:513) - Job GroupOfTestJob2.TestJob2 execution complete at  16:25:32 05/04/2016 and reports: hello
 2016-05-04 16:25:37.607  DEBUG (SimpleJobFactory.java:51) - Producing instance of Job 'DEFAULT.TestJob1', class=quartaDemos.demo10.SimpleJob
 2016-05-04 16:25:37.608  DEBUG (QuartzSchedulerThread.java:276) - batch acquisition of 1 triggers
 2016-05-04 16:25:37.609  INFO  (LoggingJobHistoryPlugin.java:469) - Job DEFAULT.TestJob1 fired (by trigger DEFAULT.TestSimpleTrigger1AtFiveSecondInterval) at:  16:25:37 05/04/2016
 2016-05-04 16:25:37.609  DEBUG (JobRunShell.java:201) - Calling execute on job DEFAULT.TestJob1
 2016-05-04 16:25:37.610  INFO  (SimpleJob.java:48) - Executing job: DEFAULT.TestJob1 executing at Wed May 04 16:25:37 CST 2016, fired by: DEFAULT.TestSimpleTrigger1AtFiveSecondInterval
 2016-05-04 16:25:37.611  INFO  (LoggingJobHistoryPlugin.java:513) - Job DEFAULT.TestJob1 execution complete at  16:25:37 05/04/2016 and reports: hello
 2016-05-04 16:32:42.712  INFO  (StdSchedulerFactory.java:1172) - Using default implementation for ThreadExecutor
 2016-05-04 16:32:42.729  INFO  (SchedulerSignalerImpl.java:61) - Initialized Scheduler Signaller of type: class org.quartz.core.SchedulerSignalerImpl
 2016-05-04 16:32:42.729  INFO  (QuartzScheduler.java:240) - Quartz Scheduler v.2.2.2 created.
 2016-05-04 16:32:42.732  INFO  (XMLSchedulingDataProcessorPlugin.java:200) - Registering Quartz Job Initialization Plug-in.
 2016-05-04 16:32:42.733  INFO  (RAMJobStore.java:155) - RAMJobStore initialized.
 2016-05-04 16:32:42.734  INFO  (QuartzScheduler.java:305) - Scheduler meta-data: Quartz Scheduler (v2.2.2) 'TestScheduler' with instanceId 'NON_CLUSTERED'
  Scheduler class: 'org.quartz.core.QuartzScheduler' - running locally.
  NOT STARTED.
  Currently in standby mode.
  Number of jobs executed: 0
  Using thread pool 'org.quartz.simpl.SimpleThreadPool' - with 3 threads.
  Using job-store 'org.quartz.simpl.RAMJobStore' - which does not support persistence. and is not clustered.

 2016-05-04 16:32:42.735  INFO  (StdSchedulerFactory.java:1327) - Quartz scheduler 'TestScheduler' initialized from default resource file in Quartz package: 'quartz.properties'
 2016-05-04 16:32:42.735  INFO  (StdSchedulerFactory.java:1331) - Quartz scheduler version: 2.2.2
 2016-05-04 16:32:42.735  INFO  (PlugInExample.java:34) - ------- Initialization Complete -----------
 2016-05-04 16:32:42.735  INFO  (PlugInExample.java:35) - ------- (Not Scheduling any Jobs - relying on XML definitions --
 2016-05-04 16:32:42.735  INFO  (PlugInExample.java:36) - ------- Starting Scheduler ----------------
 2016-05-04 16:32:42.742  DEBUG (XMLSchedulingDataProcessorPlugin.java:243) - Scheduled file scan job for data file: quartz_data.xml, at interval: 120000
 2016-05-04 16:32:42.758  DEBUG (XMLSchedulingDataProcessor.java:227) - Utilizing schema packaged in local quartz distribution jar.
 2016-05-04 16:32:42.763  INFO  (XMLSchedulingDataProcessor.java:452) - Parsing XML file: quartz_data.xml with systemId: quartz_data.xml
 2016-05-04 16:32:42.843  DEBUG (XMLSchedulingDataProcessor.java:504) - Found 1 delete job group commands.
 2016-05-04 16:32:42.844  DEBUG (XMLSchedulingDataProcessor.java:518) - Found 1 delete trigger group commands.
 2016-05-04 16:32:42.848  DEBUG (XMLSchedulingDataProcessor.java:532) - Found 0 delete job commands.
 2016-05-04 16:32:42.850  DEBUG (XMLSchedulingDataProcessor.java:549) - Found 0 delete trigger commands.
 2016-05-04 16:32:42.851  DEBUG (XMLSchedulingDataProcessor.java:572) - Directive 'overwrite-existing-data' specified as: true
 2016-05-04 16:32:42.853  DEBUG (XMLSchedulingDataProcessor.java:582) - Directive 'ignore-duplicates' specified as: false
 2016-05-04 16:32:42.855  DEBUG (XMLSchedulingDataProcessor.java:593) - Found 1 job definitions.
 2016-05-04 16:32:42.866  DEBUG (XMLSchedulingDataProcessor.java:629) - Parsed job definition: JobDetail 'group1.job1':  jobClass: 'quartaDemos.demo10.SimpleJob concurrentExectionDisallowed: false persistJobDataAfterExecution: false isDurable: false requestsRecovers: false
 2016-05-04 16:32:42.868  DEBUG (XMLSchedulingDataProcessor.java:641) - Found 1 trigger definitions.
 2016-05-04 16:32:42.883  DEBUG (XMLSchedulingDataProcessor.java:772) - Parsed trigger definition: Trigger 'group1.trigger1':  triggerClass: 'org.quartz.impl.triggers.SimpleTriggerImpl calendar: 'null' misfireInstruction: 0 nextFireTime: null
 2016-05-04 16:32:42.883  INFO  (XMLSchedulingDataProcessor.java:906) - Deleting all jobs in ALL groups.
 2016-05-04 16:32:42.884  INFO  (XMLSchedulingDataProcessor.java:927) - Deleting all triggers in ALL groups.
 2016-05-04 16:32:42.884  INFO  (XMLSchedulingDataProcessor.java:977) - Adding 1 jobs, 1 triggers.
 2016-05-04 16:32:42.884  INFO  (XMLSchedulingDataProcessor.java:1015) - Adding job: group1.job1
 2016-05-04 16:32:42.884  DEBUG (XMLSchedulingDataProcessor.java:1075) - Scheduling job: group1.job1 with trigger: group1.trigger1
 2016-05-04 16:32:42.885  INFO  (QuartzScheduler.java:575) - Scheduler TestScheduler_$_NON_CLUSTERED started.
 2016-05-04 16:32:42.885  INFO  (PlugInExample.java:40) - ------- Started Scheduler -----------------
 2016-05-04 16:32:42.885  INFO  (PlugInExample.java:41) - ------- Waiting five minutes... -----------
 2016-05-04 16:32:42.898  DEBUG (QuartzSchedulerThread.java:276) - batch acquisition of 1 triggers
 2016-05-04 16:32:42.901  DEBUG (SimpleJobFactory.java:51) - Producing instance of Job 'JobSchedulingDataLoaderPlugin.JobSchedulingDataLoaderPlugin_jobInitializer_quartz_data_xml', class=org.quartz.jobs.FileScanJob
 2016-05-04 16:32:42.906  DEBUG (QuartzSchedulerThread.java:276) - batch acquisition of 1 triggers
 2016-05-04 16:32:42.907  DEBUG (SimpleJobFactory.java:51) - Producing instance of Job 'group1.job1', class=quartaDemos.demo10.SimpleJob
 2016-05-04 16:32:42.908  INFO  (LoggingJobHistoryPlugin.java:469) - Job JobSchedulingDataLoaderPlugin.JobSchedulingDataLoaderPlugin_jobInitializer_quartz_data_xml fired (by trigger JobSchedulingDataLoaderPlugin.JobSchedulingDataLoaderPlugin_jobInitializer_quartz_data_xml) at:  16:32:42 05/04/2016
 2016-05-04 16:32:42.908  DEBUG (JobRunShell.java:201) - Calling execute on job JobSchedulingDataLoaderPlugin.JobSchedulingDataLoaderPlugin_jobInitializer_quartz_data_xml
 2016-05-04 16:32:42.909  DEBUG (QuartzSchedulerThread.java:276) - batch acquisition of 1 triggers
 2016-05-04 16:32:42.909  DEBUG (FileScanJob.java:138) - File 'quartz_data.xml' unchanged.
 2016-05-04 16:32:42.909  INFO  (LoggingJobHistoryPlugin.java:469) - Job group1.job1 fired (by trigger group1.trigger1) at:  16:32:42 05/04/2016
 2016-05-04 16:32:42.909  INFO  (LoggingJobHistoryPlugin.java:513) - Job JobSchedulingDataLoaderPlugin.JobSchedulingDataLoaderPlugin_jobInitializer_quartz_data_xml execution complete at  16:32:42 05/04/2016 and reports: null
 2016-05-04 16:32:42.909  DEBUG (JobRunShell.java:201) - Calling execute on job group1.job1
 2016-05-04 16:32:42.910  DEBUG (QuartzSchedulerThread.java:276) - batch acquisition of 1 triggers
 2016-05-04 16:32:42.915  INFO  (SimpleJob.java:48) - Executing job: group1.job1 executing at Wed May 04 16:32:42 CST 2016, fired by: group1.trigger1
 2016-05-04 16:32:42.915  INFO  (SimpleJob.java:54) -  - jobDataMap entry: name = someName
 2016-05-04 16:32:42.916  INFO  (LoggingJobHistoryPlugin.java:513) - Job group1.job1 execution complete at  16:32:42 05/04/2016 and reports: hello
 2016-05-04 16:32:45.880  DEBUG (SimpleJobFactory.java:51) - Producing instance of Job 'group1.job1', class=quartaDemos.demo10.SimpleJob
 2016-05-04 16:32:45.880  DEBUG (QuartzSchedulerThread.java:276) - batch acquisition of 1 triggers
 2016-05-04 16:32:45.881  INFO  (LoggingJobHistoryPlugin.java:469) - Job group1.job1 fired (by trigger group1.trigger1) at:  16:32:45 05/04/2016
 2016-05-04 16:32:45.881  DEBUG (JobRunShell.java:201) - Calling execute on job group1.job1
 2016-05-04 16:32:45.881  INFO  (SimpleJob.java:48) - Executing job: group1.job1 executing at Wed May 04 16:32:45 CST 2016, fired by: group1.trigger1
 2016-05-04 16:32:45.882  INFO  (SimpleJob.java:54) -  - jobDataMap entry: name = someName
 2016-05-04 16:32:45.882  INFO  (LoggingJobHistoryPlugin.java:513) - Job group1.job1 execution complete at  16:32:45 05/04/2016 and reports: hello
 2016-05-04 16:32:47.886  INFO  (PlugInExample.java:51) - ------- Shutting Down ---------------------
 2016-05-04 16:32:47.886  INFO  (QuartzScheduler.java:694) - Scheduler TestScheduler_$_NON_CLUSTERED shutting down.
 2016-05-04 16:32:47.887  INFO  (QuartzScheduler.java:613) - Scheduler TestScheduler_$_NON_CLUSTERED paused.
 2016-05-04 16:32:47.888  DEBUG (SimpleThreadPool.java:328) - Shutting down threadpool...
 2016-05-04 16:32:47.913  DEBUG (SimpleThreadPool.java:612) - WorkerThread is shut down.
 2016-05-04 16:32:47.919  DEBUG (SimpleThreadPool.java:612) - WorkerThread is shut down.
 2016-05-04 16:32:48.385  DEBUG (SimpleThreadPool.java:612) - WorkerThread is shut down.
 2016-05-04 16:32:48.386  DEBUG (SimpleThreadPool.java:393) - No executing jobs remaining, all threads stopped.
 2016-05-04 16:32:48.387  DEBUG (SimpleThreadPool.java:395) - Shutdown of threadpool complete.
 2016-05-04 16:32:48.388  INFO  (QuartzScheduler.java:771) - Scheduler TestScheduler_$_NON_CLUSTERED shutdown complete.
 2016-05-04 16:32:48.389  INFO  (PlugInExample.java:53) - ------- Shutdown Complete -----------------
 2016-05-04 16:32:48.390  INFO  (PlugInExample.java:55) - Executed 3 jobs.
 2016-05-04 16:33:03.733  INFO  (StdSchedulerFactory.java:1172) - Using default implementation for ThreadExecutor
 2016-05-04 16:33:03.752  INFO  (SchedulerSignalerImpl.java:61) - Initialized Scheduler Signaller of type: class org.quartz.core.SchedulerSignalerImpl
 2016-05-04 16:33:03.752  INFO  (QuartzScheduler.java:240) - Quartz Scheduler v.2.2.2 created.
 2016-05-04 16:33:03.755  INFO  (XMLSchedulingDataProcessorPlugin.java:200) - Registering Quartz Job Initialization Plug-in.
 2016-05-04 16:33:03.757  INFO  (RAMJobStore.java:155) - RAMJobStore initialized.
 2016-05-04 16:33:03.758  INFO  (QuartzScheduler.java:305) - Scheduler meta-data: Quartz Scheduler (v2.2.2) 'TestScheduler' with instanceId 'NON_CLUSTERED'
  Scheduler class: 'org.quartz.core.QuartzScheduler' - running locally.
  NOT STARTED.
  Currently in standby mode.
  Number of jobs executed: 0
  Using thread pool 'org.quartz.simpl.SimpleThreadPool' - with 3 threads.
  Using job-store 'org.quartz.simpl.RAMJobStore' - which does not support persistence. and is not clustered.

 2016-05-04 16:33:03.758  INFO  (StdSchedulerFactory.java:1327) - Quartz scheduler 'TestScheduler' initialized from default resource file in Quartz package: 'quartz.properties'
 2016-05-04 16:33:03.758  INFO  (StdSchedulerFactory.java:1331) - Quartz scheduler version: 2.2.2
 2016-05-04 16:33:03.759  INFO  (PlugInExample.java:34) - ------- Initialization Complete -----------
 2016-05-04 16:33:03.759  INFO  (PlugInExample.java:35) - ------- (Not Scheduling any Jobs - relying on XML definitions --
 2016-05-04 16:33:03.759  INFO  (PlugInExample.java:36) - ------- Starting Scheduler ----------------
 2016-05-04 16:33:03.767  DEBUG (XMLSchedulingDataProcessorPlugin.java:243) - Scheduled file scan job for data file: quartz_data.xml, at interval: 120000
 2016-05-04 16:33:03.783  DEBUG (XMLSchedulingDataProcessor.java:227) - Utilizing schema packaged in local quartz distribution jar.
 2016-05-04 16:33:03.787  INFO  (XMLSchedulingDataProcessor.java:452) - Parsing XML file: quartz_data.xml with systemId: quartz_data.xml
 2016-05-04 16:33:03.870  DEBUG (XMLSchedulingDataProcessor.java:504) - Found 1 delete job group commands.
 2016-05-04 16:33:03.871  DEBUG (XMLSchedulingDataProcessor.java:518) - Found 1 delete trigger group commands.
 2016-05-04 16:33:03.875  DEBUG (XMLSchedulingDataProcessor.java:532) - Found 0 delete job commands.
 2016-05-04 16:33:03.876  DEBUG (XMLSchedulingDataProcessor.java:549) - Found 0 delete trigger commands.
 2016-05-04 16:33:03.877  DEBUG (XMLSchedulingDataProcessor.java:572) - Directive 'overwrite-existing-data' specified as: true
 2016-05-04 16:33:03.878  DEBUG (XMLSchedulingDataProcessor.java:582) - Directive 'ignore-duplicates' specified as: false
 2016-05-04 16:33:03.880  DEBUG (XMLSchedulingDataProcessor.java:593) - Found 1 job definitions.
 2016-05-04 16:33:03.892  DEBUG (XMLSchedulingDataProcessor.java:629) - Parsed job definition: JobDetail 'group1.job1':  jobClass: 'quartaDemos.demo10.SimpleJob concurrentExectionDisallowed: false persistJobDataAfterExecution: false isDurable: false requestsRecovers: false
 2016-05-04 16:33:03.894  DEBUG (XMLSchedulingDataProcessor.java:641) - Found 1 trigger definitions.
 2016-05-04 16:33:03.909  DEBUG (XMLSchedulingDataProcessor.java:772) - Parsed trigger definition: Trigger 'group1.trigger1':  triggerClass: 'org.quartz.impl.triggers.SimpleTriggerImpl calendar: 'null' misfireInstruction: 0 nextFireTime: null
 2016-05-04 16:33:03.909  INFO  (XMLSchedulingDataProcessor.java:906) - Deleting all jobs in ALL groups.
 2016-05-04 16:33:03.909  INFO  (XMLSchedulingDataProcessor.java:927) - Deleting all triggers in ALL groups.
 2016-05-04 16:33:03.910  INFO  (XMLSchedulingDataProcessor.java:977) - Adding 1 jobs, 1 triggers.
 2016-05-04 16:33:03.910  INFO  (XMLSchedulingDataProcessor.java:1015) - Adding job: group1.job1
 2016-05-04 16:33:03.910  DEBUG (XMLSchedulingDataProcessor.java:1075) - Scheduling job: group1.job1 with trigger: group1.trigger1
 2016-05-04 16:33:03.911  INFO  (QuartzScheduler.java:575) - Scheduler TestScheduler_$_NON_CLUSTERED started.
 2016-05-04 16:33:03.911  INFO  (PlugInExample.java:40) - ------- Started Scheduler -----------------
 2016-05-04 16:33:03.911  INFO  (PlugInExample.java:41) - ------- Waiting five minutes... -----------
 2016-05-04 16:33:03.924  DEBUG (QuartzSchedulerThread.java:276) - batch acquisition of 1 triggers
 2016-05-04 16:33:03.927  DEBUG (SimpleJobFactory.java:51) - Producing instance of Job 'JobSchedulingDataLoaderPlugin.JobSchedulingDataLoaderPlugin_jobInitializer_quartz_data_xml', class=org.quartz.jobs.FileScanJob
 2016-05-04 16:33:03.934  DEBUG (QuartzSchedulerThread.java:276) - batch acquisition of 1 triggers
 2016-05-04 16:33:03.935  DEBUG (SimpleJobFactory.java:51) - Producing instance of Job 'group1.job1', class=quartaDemos.demo10.SimpleJob
 2016-05-04 16:33:03.936  INFO  (LoggingJobHistoryPlugin.java:469) - Job JobSchedulingDataLoaderPlugin.JobSchedulingDataLoaderPlugin_jobInitializer_quartz_data_xml fired (by trigger JobSchedulingDataLoaderPlugin.JobSchedulingDataLoaderPlugin_jobInitializer_quartz_data_xml) at:  16:33:03 05/04/2016
 2016-05-04 16:33:03.936  DEBUG (JobRunShell.java:201) - Calling execute on job JobSchedulingDataLoaderPlugin.JobSchedulingDataLoaderPlugin_jobInitializer_quartz_data_xml
 2016-05-04 16:33:03.936  DEBUG (QuartzSchedulerThread.java:276) - batch acquisition of 1 triggers
 2016-05-04 16:33:03.937  DEBUG (FileScanJob.java:138) - File 'quartz_data.xml' unchanged.
 2016-05-04 16:33:03.937  INFO  (LoggingJobHistoryPlugin.java:469) - Job group1.job1 fired (by trigger group1.trigger1) at:  16:33:03 05/04/2016
 2016-05-04 16:33:03.937  DEBUG (JobRunShell.java:201) - Calling execute on job group1.job1
 2016-05-04 16:33:03.937  INFO  (LoggingJobHistoryPlugin.java:513) - Job JobSchedulingDataLoaderPlugin.JobSchedulingDataLoaderPlugin_jobInitializer_quartz_data_xml execution complete at  16:33:03 05/04/2016 and reports: null
 2016-05-04 16:33:03.942  INFO  (SimpleJob.java:48) - Executing job: group1.job1 executing at Wed May 04 16:33:03 CST 2016, fired by: group1.trigger1
 2016-05-04 16:33:03.942  DEBUG (QuartzSchedulerThread.java:276) - batch acquisition of 1 triggers
 2016-05-04 16:33:03.942  INFO  (SimpleJob.java:54) -  - jobDataMap entry: name = someName
 2016-05-04 16:33:03.943  INFO  (LoggingJobHistoryPlugin.java:513) - Job group1.job1 execution complete at  16:33:03 05/04/2016 and reports: hello
 2016-05-04 16:33:06.905  DEBUG (SimpleJobFactory.java:51) - Producing instance of Job 'group1.job1', class=quartaDemos.demo10.SimpleJob
 2016-05-04 16:33:06.906  DEBUG (QuartzSchedulerThread.java:276) - batch acquisition of 1 triggers
 2016-05-04 16:33:06.906  INFO  (LoggingJobHistoryPlugin.java:469) - Job group1.job1 fired (by trigger group1.trigger1) at:  16:33:06 05/04/2016
 2016-05-04 16:33:06.906  DEBUG (JobRunShell.java:201) - Calling execute on job group1.job1
 2016-05-04 16:33:06.907  INFO  (SimpleJob.java:48) - Executing job: group1.job1 executing at Wed May 04 16:33:06 CST 2016, fired by: group1.trigger1
 2016-05-04 16:33:06.907  INFO  (SimpleJob.java:54) -  - jobDataMap entry: name = someName
 2016-05-04 16:33:06.908  INFO  (LoggingJobHistoryPlugin.java:513) - Job group1.job1 execution complete at  16:33:06 05/04/2016 and reports: hello
 2016-05-04 16:33:09.905  DEBUG (SimpleJobFactory.java:51) - Producing instance of Job 'group1.job1', class=quartaDemos.demo10.SimpleJob
 2016-05-04 16:33:09.906  DEBUG (QuartzSchedulerThread.java:276) - batch acquisition of 1 triggers
 2016-05-04 16:33:09.907  INFO  (LoggingJobHistoryPlugin.java:469) - Job group1.job1 fired (by trigger group1.trigger1) at:  16:33:09 05/04/2016
 2016-05-04 16:33:09.908  DEBUG (JobRunShell.java:201) - Calling execute on job group1.job1
 2016-05-04 16:33:09.908  INFO  (SimpleJob.java:48) - Executing job: group1.job1 executing at Wed May 04 16:33:09 CST 2016, fired by: group1.trigger1
 2016-05-04 16:33:09.909  INFO  (SimpleJob.java:54) -  - jobDataMap entry: name = someName
 2016-05-04 16:33:09.910  INFO  (LoggingJobHistoryPlugin.java:513) - Job group1.job1 execution complete at  16:33:09 05/04/2016 and reports: hello
 2016-05-04 16:33:12.905  DEBUG (SimpleJobFactory.java:51) - Producing instance of Job 'group1.job1', class=quartaDemos.demo10.SimpleJob
 2016-05-04 16:33:12.906  DEBUG (QuartzSchedulerThread.java:276) - batch acquisition of 1 triggers
 2016-05-04 16:33:12.907  INFO  (LoggingJobHistoryPlugin.java:469) - Job group1.job1 fired (by trigger group1.trigger1) at:  16:33:12 05/04/2016
 2016-05-04 16:33:12.908  DEBUG (JobRunShell.java:201) - Calling execute on job group1.job1
 2016-05-04 16:33:12.908  INFO  (SimpleJob.java:48) - Executing job: group1.job1 executing at Wed May 04 16:33:12 CST 2016, fired by: group1.trigger1
 2016-05-04 16:33:12.909  INFO  (SimpleJob.java:54) -  - jobDataMap entry: name = someName
 2016-05-04 16:33:12.910  INFO  (LoggingJobHistoryPlugin.java:513) - Job group1.job1 execution complete at  16:33:12 05/04/2016 and reports: hello
 2016-05-04 16:33:15.905  DEBUG (SimpleJobFactory.java:51) - Producing instance of Job 'group1.job1', class=quartaDemos.demo10.SimpleJob
 2016-05-04 16:33:15.906  DEBUG (QuartzSchedulerThread.java:276) - batch acquisition of 1 triggers
 2016-05-04 16:33:15.907  INFO  (LoggingJobHistoryPlugin.java:469) - Job group1.job1 fired (by trigger group1.trigger1) at:  16:33:15 05/04/2016
 2016-05-04 16:33:15.907  DEBUG (JobRunShell.java:201) - Calling execute on job group1.job1
 2016-05-04 16:33:15.908  INFO  (SimpleJob.java:48) - Executing job: group1.job1 executing at Wed May 04 16:33:15 CST 2016, fired by: group1.trigger1
 2016-05-04 16:33:15.908  INFO  (SimpleJob.java:54) -  - jobDataMap entry: name = someName
 2016-05-04 16:33:15.910  INFO  (LoggingJobHistoryPlugin.java:513) - Job group1.job1 execution complete at  16:33:15 05/04/2016 and reports: hello
 2016-05-04 16:33:18.905  DEBUG (SimpleJobFactory.java:51) - Producing instance of Job 'group1.job1', class=quartaDemos.demo10.SimpleJob
 2016-05-04 16:33:18.906  DEBUG (QuartzSchedulerThread.java:276) - batch acquisition of 1 triggers
 2016-05-04 16:33:18.907  INFO  (LoggingJobHistoryPlugin.java:469) - Job group1.job1 fired (by trigger group1.trigger1) at:  16:33:18 05/04/2016
 2016-05-04 16:33:18.907  DEBUG (JobRunShell.java:201) - Calling execute on job group1.job1
 2016-05-04 16:33:18.908  INFO  (SimpleJob.java:48) - Executing job: group1.job1 executing at Wed May 04 16:33:18 CST 2016, fired by: group1.trigger1
 2016-05-04 16:33:18.908  INFO  (SimpleJob.java:54) -  - jobDataMap entry: name = someName
 2016-05-04 16:33:18.909  INFO  (LoggingJobHistoryPlugin.java:513) - Job group1.job1 execution complete at  16:33:18 05/04/2016 and reports: hello
 2016-05-04 16:33:21.905  DEBUG (SimpleJobFactory.java:51) - Producing instance of Job 'group1.job1', class=quartaDemos.demo10.SimpleJob
 2016-05-04 16:33:21.906  DEBUG (QuartzSchedulerThread.java:276) - batch acquisition of 1 triggers
 2016-05-04 16:33:21.907  INFO  (LoggingJobHistoryPlugin.java:469) - Job group1.job1 fired (by trigger group1.trigger1) at:  16:33:21 05/04/2016
 2016-05-04 16:33:21.908  DEBUG (JobRunShell.java:201) - Calling execute on job group1.job1
 2016-05-04 16:33:21.908  INFO  (SimpleJob.java:48) - Executing job: group1.job1 executing at Wed May 04 16:33:21 CST 2016, fired by: group1.trigger1
 2016-05-04 16:33:21.909  INFO  (SimpleJob.java:54) -  - jobDataMap entry: name = someName
 2016-05-04 16:33:21.910  INFO  (LoggingJobHistoryPlugin.java:513) - Job group1.job1 execution complete at  16:33:21 05/04/2016 and reports: hello
 2016-05-04 16:33:24.906  DEBUG (SimpleJobFactory.java:51) - Producing instance of Job 'group1.job1', class=quartaDemos.demo10.SimpleJob
 2016-05-04 16:33:24.907  DEBUG (QuartzSchedulerThread.java:276) - batch acquisition of 1 triggers
 2016-05-04 16:33:24.908  INFO  (LoggingJobHistoryPlugin.java:469) - Job group1.job1 fired (by trigger group1.trigger1) at:  16:33:24 05/04/2016
 2016-05-04 16:33:24.908  DEBUG (JobRunShell.java:201) - Calling execute on job group1.job1
 2016-05-04 16:33:24.909  INFO  (SimpleJob.java:48) - Executing job: group1.job1 executing at Wed May 04 16:33:24 CST 2016, fired by: group1.trigger1
 2016-05-04 16:33:24.910  INFO  (SimpleJob.java:54) -  - jobDataMap entry: name = someName
 2016-05-04 16:33:24.911  INFO  (LoggingJobHistoryPlugin.java:513) - Job group1.job1 execution complete at  16:33:24 05/04/2016 and reports: hello
 2016-05-04 16:33:27.905  DEBUG (SimpleJobFactory.java:51) - Producing instance of Job 'group1.job1', class=quartaDemos.demo10.SimpleJob
 2016-05-04 16:33:27.906  DEBUG (QuartzSchedulerThread.java:276) - batch acquisition of 1 triggers
 2016-05-04 16:33:27.907  INFO  (LoggingJobHistoryPlugin.java:469) - Job group1.job1 fired (by trigger group1.trigger1) at:  16:33:27 05/04/2016
 2016-05-04 16:33:27.907  DEBUG (JobRunShell.java:201) - Calling execute on job group1.job1
 2016-05-04 16:33:27.908  INFO  (SimpleJob.java:48) - Executing job: group1.job1 executing at Wed May 04 16:33:27 CST 2016, fired by: group1.trigger1
 2016-05-04 16:33:27.909  INFO  (SimpleJob.java:54) -  - jobDataMap entry: name = someName
 2016-05-04 16:33:27.910  INFO  (LoggingJobHistoryPlugin.java:513) - Job group1.job1 execution complete at  16:33:27 05/04/2016 and reports: hello
 2016-05-04 16:33:30.905  DEBUG (SimpleJobFactory.java:51) - Producing instance of Job 'group1.job1', class=quartaDemos.demo10.SimpleJob
 2016-05-04 16:33:30.906  DEBUG (QuartzSchedulerThread.java:276) - batch acquisition of 1 triggers
 2016-05-04 16:33:30.907  INFO  (LoggingJobHistoryPlugin.java:469) - Job group1.job1 fired (by trigger group1.trigger1) at:  16:33:30 05/04/2016
 2016-05-04 16:33:30.907  DEBUG (JobRunShell.java:201) - Calling execute on job group1.job1
 2016-05-04 16:33:30.908  INFO  (SimpleJob.java:48) - Executing job: group1.job1 executing at Wed May 04 16:33:30 CST 2016, fired by: group1.trigger1
 2016-05-04 16:33:30.908  INFO  (SimpleJob.java:54) -  - jobDataMap entry: name = someName
 2016-05-04 16:33:30.910  INFO  (LoggingJobHistoryPlugin.java:513) - Job group1.job1 execution complete at  16:33:30 05/04/2016 and reports: hello
 2016-05-04 16:33:33.905  DEBUG (SimpleJobFactory.java:51) - Producing instance of Job 'group1.job1', class=quartaDemos.demo10.SimpleJob
 2016-05-04 16:33:33.906  DEBUG (QuartzSchedulerThread.java:276) - batch acquisition of 1 triggers
 2016-05-04 16:33:33.907  INFO  (LoggingJobHistoryPlugin.java:469) - Job group1.job1 fired (by trigger group1.trigger1) at:  16:33:33 05/04/2016
 2016-05-04 16:33:33.908  DEBUG (JobRunShell.java:201) - Calling execute on job group1.job1
 2016-05-04 16:33:33.908  INFO  (SimpleJob.java:48) - Executing job: group1.job1 executing at Wed May 04 16:33:33 CST 2016, fired by: group1.trigger1
 2016-05-04 16:33:33.909  INFO  (SimpleJob.java:54) -  - jobDataMap entry: name = someName
 2016-05-04 16:33:33.910  INFO  (LoggingJobHistoryPlugin.java:513) - Job group1.job1 execution complete at  16:33:33 05/04/2016 and reports: hello
 2016-05-04 16:33:36.905  DEBUG (SimpleJobFactory.java:51) - Producing instance of Job 'group1.job1', class=quartaDemos.demo10.SimpleJob
 2016-05-04 16:33:36.906  DEBUG (QuartzSchedulerThread.java:276) - batch acquisition of 1 triggers
 2016-05-04 16:33:36.906  INFO  (LoggingJobHistoryPlugin.java:469) - Job group1.job1 fired (by trigger group1.trigger1) at:  16:33:36 05/04/2016
 2016-05-04 16:33:36.907  DEBUG (JobRunShell.java:201) - Calling execute on job group1.job1
 2016-05-04 16:33:36.907  INFO  (SimpleJob.java:48) - Executing job: group1.job1 executing at Wed May 04 16:33:36 CST 2016, fired by: group1.trigger1
 2016-05-04 16:33:36.907  INFO  (SimpleJob.java:54) -  - jobDataMap entry: name = someName
 2016-05-04 16:33:36.908  INFO  (LoggingJobHistoryPlugin.java:513) - Job group1.job1 execution complete at  16:33:36 05/04/2016 and reports: hello
 2016-05-04 16:33:39.905  DEBUG (SimpleJobFactory.java:51) - Producing instance of Job 'group1.job1', class=quartaDemos.demo10.SimpleJob
 2016-05-04 16:33:39.906  DEBUG (QuartzSchedulerThread.java:276) - batch acquisition of 1 triggers
 2016-05-04 16:33:39.907  INFO  (LoggingJobHistoryPlugin.java:469) - Job group1.job1 fired (by trigger group1.trigger1) at:  16:33:39 05/04/2016
 2016-05-04 16:33:39.907  DEBUG (JobRunShell.java:201) - Calling execute on job group1.job1
 2016-05-04 16:33:39.908  INFO  (SimpleJob.java:48) - Executing job: group1.job1 executing at Wed May 04 16:33:39 CST 2016, fired by: group1.trigger1
 2016-05-04 16:33:39.909  INFO  (SimpleJob.java:54) -  - jobDataMap entry: name = someName
 2016-05-04 16:33:39.910  INFO  (LoggingJobHistoryPlugin.java:513) - Job group1.job1 execution complete at  16:33:39 05/04/2016 and reports: hello
 2016-05-04 16:33:42.905  DEBUG (SimpleJobFactory.java:51) - Producing instance of Job 'group1.job1', class=quartaDemos.demo10.SimpleJob
 2016-05-04 16:33:42.906  DEBUG (QuartzSchedulerThread.java:276) - batch acquisition of 1 triggers
 2016-05-04 16:33:42.907  INFO  (LoggingJobHistoryPlugin.java:469) - Job group1.job1 fired (by trigger group1.trigger1) at:  16:33:42 05/04/2016
 2016-05-04 16:33:42.908  DEBUG (JobRunShell.java:201) - Calling execute on job group1.job1
 2016-05-04 16:33:42.908  INFO  (SimpleJob.java:48) - Executing job: group1.job1 executing at Wed May 04 16:33:42 CST 2016, fired by: group1.trigger1
 2016-05-04 16:33:42.909  INFO  (SimpleJob.java:54) -  - jobDataMap entry: name = someName
 2016-05-04 16:33:42.910  INFO  (LoggingJobHistoryPlugin.java:513) - Job group1.job1 execution complete at  16:33:42 05/04/2016 and reports: hello
 2016-05-04 16:33:45.906  DEBUG (SimpleJobFactory.java:51) - Producing instance of Job 'group1.job1', class=quartaDemos.demo10.SimpleJob
 2016-05-04 16:33:45.907  DEBUG (QuartzSchedulerThread.java:276) - batch acquisition of 1 triggers
 2016-05-04 16:33:45.908  INFO  (LoggingJobHistoryPlugin.java:469) - Job group1.job1 fired (by trigger group1.trigger1) at:  16:33:45 05/04/2016
 2016-05-04 16:33:45.908  DEBUG (JobRunShell.java:201) - Calling execute on job group1.job1
 2016-05-04 16:33:45.909  INFO  (SimpleJob.java:48) - Executing job: group1.job1 executing at Wed May 04 16:33:45 CST 2016, fired by: group1.trigger1
 2016-05-04 16:33:45.910  INFO  (SimpleJob.java:54) -  - jobDataMap entry: name = someName
 2016-05-04 16:33:45.911  INFO  (LoggingJobHistoryPlugin.java:513) - Job group1.job1 execution complete at  16:33:45 05/04/2016 and reports: hello
 2016-05-04 16:33:48.905  DEBUG (SimpleJobFactory.java:51) - Producing instance of Job 'group1.job1', class=quartaDemos.demo10.SimpleJob
 2016-05-04 16:33:48.908  DEBUG (QuartzSchedulerThread.java:276) - batch acquisition of 1 triggers
 2016-05-04 16:33:48.908  INFO  (LoggingJobHistoryPlugin.java:469) - Job group1.job1 fired (by trigger group1.trigger1) at:  16:33:48 05/04/2016
 2016-05-04 16:33:48.909  DEBUG (JobRunShell.java:201) - Calling execute on job group1.job1
 2016-05-04 16:33:48.910  INFO  (SimpleJob.java:48) - Executing job: group1.job1 executing at Wed May 04 16:33:48 CST 2016, fired by: group1.trigger1
 2016-05-04 16:33:48.910  INFO  (SimpleJob.java:54) -  - jobDataMap entry: name = someName
 2016-05-04 16:33:48.911  INFO  (LoggingJobHistoryPlugin.java:513) - Job group1.job1 execution complete at  16:33:48 05/04/2016 and reports: hello
 2016-05-04 16:33:51.905  DEBUG (SimpleJobFactory.java:51) - Producing instance of Job 'group1.job1', class=quartaDemos.demo10.SimpleJob
 2016-05-04 16:33:51.906  DEBUG (QuartzSchedulerThread.java:276) - batch acquisition of 1 triggers
 2016-05-04 16:33:51.907  INFO  (LoggingJobHistoryPlugin.java:469) - Job group1.job1 fired (by trigger group1.trigger1) at:  16:33:51 05/04/2016
 2016-05-04 16:33:51.908  DEBUG (JobRunShell.java:201) - Calling execute on job group1.job1
 2016-05-04 16:33:51.908  INFO  (SimpleJob.java:48) - Executing job: group1.job1 executing at Wed May 04 16:33:51 CST 2016, fired by: group1.trigger1
 2016-05-04 16:33:51.909  INFO  (SimpleJob.java:54) -  - jobDataMap entry: name = someName
 2016-05-04 16:33:51.910  INFO  (LoggingJobHistoryPlugin.java:513) - Job group1.job1 execution complete at  16:33:51 05/04/2016 and reports: hello
 2016-05-04 16:33:54.905  DEBUG (SimpleJobFactory.java:51) - Producing instance of Job 'group1.job1', class=quartaDemos.demo10.SimpleJob
 2016-05-04 16:33:54.906  DEBUG (QuartzSchedulerThread.java:276) - batch acquisition of 1 triggers
 2016-05-04 16:33:54.907  INFO  (LoggingJobHistoryPlugin.java:469) - Job group1.job1 fired (by trigger group1.trigger1) at:  16:33:54 05/04/2016
 2016-05-04 16:33:54.908  DEBUG (JobRunShell.java:201) - Calling execute on job group1.job1
 2016-05-04 16:33:54.908  INFO  (SimpleJob.java:48) - Executing job: group1.job1 executing at Wed May 04 16:33:54 CST 2016, fired by: group1.trigger1
 2016-05-04 16:33:54.909  INFO  (SimpleJob.java:54) -  - jobDataMap entry: name = someName
 2016-05-04 16:33:54.910  INFO  (LoggingJobHistoryPlugin.java:513) - Job group1.job1 execution complete at  16:33:54 05/04/2016 and reports: hello
 2016-05-04 16:33:57.905  DEBUG (SimpleJobFactory.java:51) - Producing instance of Job 'group1.job1', class=quartaDemos.demo10.SimpleJob
 2016-05-04 16:33:57.906  DEBUG (QuartzSchedulerThread.java:276) - batch acquisition of 1 triggers
 2016-05-04 16:33:57.907  INFO  (LoggingJobHistoryPlugin.java:469) - Job group1.job1 fired (by trigger group1.trigger1) at:  16:33:57 05/04/2016
 2016-05-04 16:33:57.907  DEBUG (JobRunShell.java:201) - Calling execute on job group1.job1
 2016-05-04 16:33:57.908  INFO  (SimpleJob.java:48) - Executing job: group1.job1 executing at Wed May 04 16:33:57 CST 2016, fired by: group1.trigger1
 2016-05-04 16:33:57.909  INFO  (SimpleJob.java:54) -  - jobDataMap entry: name = someName
 2016-05-04 16:33:57.910  INFO  (LoggingJobHistoryPlugin.java:513) - Job group1.job1 execution complete at  16:33:57 05/04/2016 and reports: hello
 2016-05-04 16:34:00.905  DEBUG (SimpleJobFactory.java:51) - Producing instance of Job 'group1.job1', class=quartaDemos.demo10.SimpleJob
 2016-05-04 16:34:00.906  DEBUG (QuartzSchedulerThread.java:276) - batch acquisition of 1 triggers
 2016-05-04 16:34:00.907  INFO  (LoggingJobHistoryPlugin.java:469) - Job group1.job1 fired (by trigger group1.trigger1) at:  16:34:00 05/04/2016
 2016-05-04 16:34:00.907  DEBUG (JobRunShell.java:201) - Calling execute on job group1.job1
 2016-05-04 16:34:00.908  INFO  (SimpleJob.java:48) - Executing job: group1.job1 executing at Wed May 04 16:34:00 CST 2016, fired by: group1.trigger1
 2016-05-04 16:34:00.909  INFO  (SimpleJob.java:54) -  - jobDataMap entry: name = someName
 2016-05-04 16:34:00.910  INFO  (LoggingJobHistoryPlugin.java:513) - Job group1.job1 execution complete at  16:34:00 05/04/2016 and reports: hello
 2016-05-04 16:34:03.905  DEBUG (SimpleJobFactory.java:51) - Producing instance of Job 'group1.job1', class=quartaDemos.demo10.SimpleJob
 2016-05-04 16:34:03.906  DEBUG (QuartzSchedulerThread.java:276) - batch acquisition of 1 triggers
 2016-05-04 16:34:03.907  INFO  (LoggingJobHistoryPlugin.java:469) - Job group1.job1 fired (by trigger group1.trigger1) at:  16:34:03 05/04/2016
 2016-05-04 16:34:03.907  DEBUG (JobRunShell.java:201) - Calling execute on job group1.job1
 2016-05-04 16:34:03.908  INFO  (SimpleJob.java:48) - Executing job: group1.job1 executing at Wed May 04 16:34:03 CST 2016, fired by: group1.trigger1
 2016-05-04 16:34:03.909  INFO  (SimpleJob.java:54) -  - jobDataMap entry: name = someName
 2016-05-04 16:34:03.910  INFO  (LoggingJobHistoryPlugin.java:513) - Job group1.job1 execution complete at  16:34:03 05/04/2016 and reports: hello
 2016-05-04 16:34:06.905  DEBUG (SimpleJobFactory.java:51) - Producing instance of Job 'group1.job1', class=quartaDemos.demo10.SimpleJob
 2016-05-04 16:34:06.906  DEBUG (QuartzSchedulerThread.java:276) - batch acquisition of 1 triggers
 2016-05-04 16:34:06.907  INFO  (LoggingJobHistoryPlugin.java:469) - Job group1.job1 fired (by trigger group1.trigger1) at:  16:34:06 05/04/2016
 2016-05-04 16:34:06.908  DEBUG (JobRunShell.java:201) - Calling execute on job group1.job1
 2016-05-04 16:34:06.909  INFO  (SimpleJob.java:48) - Executing job: group1.job1 executing at Wed May 04 16:34:06 CST 2016, fired by: group1.trigger1
 2016-05-04 16:34:06.909  INFO  (SimpleJob.java:54) -  - jobDataMap entry: name = someName
 2016-05-04 16:34:06.911  INFO  (LoggingJobHistoryPlugin.java:513) - Job group1.job1 execution complete at  16:34:06 05/04/2016 and reports: hello
 2016-05-04 16:34:09.906  DEBUG (SimpleJobFactory.java:51) - Producing instance of Job 'group1.job1', class=quartaDemos.demo10.SimpleJob
 2016-05-04 16:34:09.907  DEBUG (QuartzSchedulerThread.java:276) - batch acquisition of 1 triggers
 2016-05-04 16:34:09.908  INFO  (LoggingJobHistoryPlugin.java:469) - Job group1.job1 fired (by trigger group1.trigger1) at:  16:34:09 05/04/2016
 2016-05-04 16:34:09.909  DEBUG (JobRunShell.java:201) - Calling execute on job group1.job1
 2016-05-04 16:34:09.909  INFO  (SimpleJob.java:48) - Executing job: group1.job1 executing at Wed May 04 16:34:09 CST 2016, fired by: group1.trigger1
 2016-05-04 16:34:09.910  INFO  (SimpleJob.java:54) -  - jobDataMap entry: name = someName
 2016-05-04 16:34:09.911  INFO  (LoggingJobHistoryPlugin.java:513) - Job group1.job1 execution complete at  16:34:09 05/04/2016 and reports: hello
 